2025-10-16 14:10:02,658 | INFO | [PARAMS] Caricati da: C:\AUTOMAZIONE\params\current.json
[MacroGate] risk_caps_multiplier=— | asset_overrides=AUD/USD, GOLD, NZD/USD, SILVER | guardrails={'USD/CAD': {'block_long': True}}
ODIN bootstrap…
2025-10-16 14:10:02,674 | INFO | --- Avvio Sala Decisionale ODIN v2.4.2 (PROD) ---
2025-10-16 14:10:02,693 | INFO | Connessione a MT5 stabilita.
2025-10-16 14:10:02,693 | INFO | Equity attuale: 5636.72 EUR
2025-10-16 14:10:02,702 | INFO | Regime v2.1.0 OK (sha1 54325533de)
2025-10-16 14:10:02,703 | INFO | [Universe] Attivi 16 asset dal file universe.json
2025-10-16 14:10:02,703 | INFO | [Universe] attivo: 16 asset selezionati nella giornata.
2025-10-16 14:10:02,704 | INFO | [Sentinel] Roster caricato correttamente. 9 strategie analizzate.
2025-10-16 14:10:02,705 | INFO | [Universe] AUD/CAD: OK (allowed {'BB_MR', 'WEEKLY'}) — regime='TRENDING', want='WEEKLY'
WARNING:cache_ohlc:[CACHE] AUD/CAD 1day: cache invalida (ValueError('Cache scaduta')). Refetch.
INFO:cache_ohlc:[CACHE] MISS: AUD/CAD 1day. Fetching da TwelveData...
INFO:cache_ohlc:[CACHE] Salvato AUD/CAD 1day (400 barre)
2025-10-16 14:10:03,979 | INFO | [SIG-DBG] AUD/CAD: WEEKLY: mismatch LONG con slope EMA -0.002174
2025-10-16 14:10:03,979 | INFO | [NO-SIGNAL] AUD/CAD: WEEKLY: mismatch LONG con slope EMA -0.002174
2025-10-16 14:10:03,979 | INFO | [Universe] CHF/JPY: OK (allowed {'BB_MR', 'WEEKLY'}) — regime='TRENDING', want='WEEKLY'
WARNING:cache_ohlc:[CACHE] CHF/JPY 1day: cache invalida (ValueError('Cache scaduta')). Refetch.
INFO:cache_ohlc:[CACHE] MISS: CHF/JPY 1day. Fetching da TwelveData...
INFO:cache_ohlc:[CACHE] Salvato CHF/JPY 1day (400 barre)
2025-10-16 14:10:05,427 | INFO | [SIG-DBG] CHF/JPY: WEEKLY: pullback dist_atr=1.80 non in range dinamico [0.35,1.8]
2025-10-16 14:10:05,427 | INFO | [NO-SIGNAL] CHF/JPY: WEEKLY: pullback dist_atr=1.80 non in range dinamico [0.35,1.8]
2025-10-16 14:10:05,427 | INFO | [Universe] EUR/JPY: OK (allowed {'BB_MR', 'WEEKLY'}) — regime='TRENDING', want='WEEKLY'
WARNING:cache_ohlc:[CACHE] EUR/JPY 1day: cache invalida (ValueError('Cache scaduta')). Refetch.
INFO:cache_ohlc:[CACHE] MISS: EUR/JPY 1day. Fetching da TwelveData...
INFO:cache_ohlc:[CACHE] Salvato EUR/JPY 1day (400 barre)
INFO:cache_ohlc:[CACHE] MISS: EUR/JPY 4h. Fetching da TwelveData...
INFO:cache_ohlc:[CACHE] Salvato EUR/JPY 4h (300 barre)
2025-10-16 14:10:07,714 | INFO | [SIG-DBG] EUR/JPY: WEEKLY: conferma H4 negativa
2025-10-16 14:10:07,714 | INFO | [NO-SIGNAL] EUR/JPY: WEEKLY: conferma H4 negativa
2025-10-16 14:10:07,715 | INFO | [Universe] GBP/JPY: OK (allowed {'BB_MR', 'WEEKLY'}) — regime='TRENDING', want='WEEKLY'
WARNING:cache_ohlc:[CACHE] GBP/JPY 1day: cache invalida (ValueError('Cache scaduta')). Refetch.
INFO:cache_ohlc:[CACHE] MISS: GBP/JPY 1day. Fetching da TwelveData...
INFO:cache_ohlc:[CACHE] Salvato GBP/JPY 1day (400 barre)
INFO:cache_ohlc:[CACHE] MISS: GBP/JPY 4h. Fetching da TwelveData...
INFO:cache_ohlc:[CACHE] Salvato GBP/JPY 4h (300 barre)
2025-10-16 14:10:10,118 | INFO | [REJECT MACRO] GBP/JPY — MacroGate: allow_new_entries=False
2025-10-16 14:10:11,023 | INFO | [Universe] CAD/JPY: OK (allowed {'BB_MR', 'WEEKLY'}) — regime='LATERALE', want='BB_MR'
WARNING:cache_ohlc:[CACHE] CAD/JPY 1day: cache invalida (ValueError('Cache scaduta')). Refetch.
INFO:cache_ohlc:[CACHE] MISS: CAD/JPY 1day. Fetching da TwelveData...
INFO:cache_ohlc:[CACHE] Salvato CAD/JPY 1day (260 barre)
2025-10-16 14:10:12,135 | INFO | [SIG-DBG] CAD/JPY: BB_MR: nessuna condizione di entry (incrocio/tocco bande + RSI)
2025-10-16 14:10:12,135 | INFO | [NO-SIGNAL] CAD/JPY: BB_MR: nessuna condizione di entry (incrocio/tocco bande + RSI)
2025-10-16 14:10:12,135 | INFO | [Universe] EUR/AUD: OK (allowed {'BB_MR', 'WEEKLY'}) — regime='LATERALE', want='BB_MR'
WARNING:cache_ohlc:[CACHE] EUR/AUD 1day: cache invalida (ValueError('Cache scaduta')). Refetch.
INFO:cache_ohlc:[CACHE] MISS: EUR/AUD 1day. Fetching da TwelveData...
INFO:cache_ohlc:[CACHE] Salvato EUR/AUD 1day (260 barre)
2025-10-16 14:10:13,286 | INFO | [SIG-DBG] EUR/AUD: BB_MR: nessuna condizione di entry (incrocio/tocco bande + RSI)
2025-10-16 14:10:13,286 | INFO | [NO-SIGNAL] EUR/AUD: BB_MR: nessuna condizione di entry (incrocio/tocco bande + RSI)
2025-10-16 14:10:13,286 | INFO | [Universe] NZD/JPY: OK (allowed {'BB_MR', 'WEEKLY'}) — regime='LATERALE', want='BB_MR'
WARNING:cache_ohlc:[CACHE] NZD/JPY 1day: cache invalida (ValueError('Cache scaduta')). Refetch.
INFO:cache_ohlc:[CACHE] MISS: NZD/JPY 1day. Fetching da TwelveData...
INFO:cache_ohlc:[CACHE] Salvato NZD/JPY 1day (260 barre)
2025-10-16 14:10:14,456 | INFO | [SIG-DBG] NZD/JPY: BB_MR: nessuna condizione di entry (incrocio/tocco bande + RSI)
2025-10-16 14:10:14,456 | INFO | [NO-SIGNAL] NZD/JPY: BB_MR: nessuna condizione di entry (incrocio/tocco bande + RSI)
2025-10-16 14:10:14,457 | INFO | [Universe] NZD/USD: OK (allowed {'BB_MR', 'WEEKLY'}) — regime='LATERALE', want='BB_MR'
WARNING:cache_ohlc:[CACHE] NZD/USD 1day: cache invalida (ValueError('Cache scaduta')). Refetch.
INFO:cache_ohlc:[CACHE] MISS: NZD/USD 1day. Fetching da TwelveData...
INFO:cache_ohlc:[CACHE] Salvato NZD/USD 1day (260 barre)
2025-10-16 14:10:15,582 | INFO | [SIG-DBG] NZD/USD: BB_MR: nessuna condizione di entry (incrocio/tocco bande + RSI)
2025-10-16 14:10:15,582 | INFO | [NO-SIGNAL] NZD/USD: BB_MR: nessuna condizione di entry (incrocio/tocco bande + RSI)
2025-10-16 14:10:15,582 | INFO | [Universe] USD/NOK: OK (allowed {'BB_MR', 'WEEKLY'}) — regime='LATERALE', want='BB_MR'
INFO:cache_ohlc:[CACHE] MISS: USD/NOK 1day. Fetching da TwelveData...
INFO:cache_ohlc:[CACHE] Salvato USD/NOK 1day (260 barre)
2025-10-16 14:10:16,756 | INFO | [SIG-DBG] USD/NOK: BB_MR: nessuna condizione di entry (incrocio/tocco bande + RSI)
2025-10-16 14:10:16,756 | INFO | [NO-SIGNAL] USD/NOK: BB_MR: nessuna condizione di entry (incrocio/tocco bande + RSI)
2025-10-16 14:10:16,760 | INFO | --- Sessione decisionale completata ---
2025-10-16 14:10:17,685 | INFO | Connessione a MT5 chiusa.
