[06/10/2025 23:10:01,86] START ODIN_DAILY 
--- MODULO 1: REGIME --- 
--- Avvio Filtro di Regime ODIN v1.3.1 ---
--- Avvio Preflight Check ---
Traceback (most recent call last):
  File "C:\AUTOMAZIONE\regime_filterV2.py", line 343, in <module>
    main()
  File "C:\AUTOMAZIONE\regime_filterV2.py", line 240, in main
    ASSET_RESOLVED = preflight_symbols(td, ASSET_PORTFOLIO, INTERVAL, OUTPUTSIZE)
                     ^^^^^^^^^^^^^^^^^^^^^^^^^^^^^^^^^^^^^^^^^^^^^^^^^^^^^^^^^^^^
  File "C:\AUTOMAZIONE\regime_filterV2.py", line 149, in preflight_symbols
    _log("\n\u26a0\ufe0f  Preflight: esclusi per problemi:")
  File "C:\AUTOMAZIONE\regime_filterV2.py", line 68, in _log
    print(msg, flush=True)
  File "C:\Users\massimomiliani\AppData\Local\Programs\Python\Python312\Lib\encodings\cp1252.py", line 19, in encode
    return codecs.charmap_encode(input,self.errors,encoding_table)[0]
           ^^^^^^^^^^^^^^^^^^^^^^^^^^^^^^^^^^^^^^^^^^^^^^^^^^^^^^^
UnicodeEncodeError: 'charmap' codec can't encode characters in position 2-3: character maps to <undefined>
--- MODULO 4: MAIN (with summary) --- 
2025-10-06 23:10:10,243 | INFO | [PARAMS] Caricati da: C:\AUTOMAZIONE\params\current.json
2025-10-06 23:10:10,243 | INFO | --- Avvio Sala Decisionale ODIN v2.3 (PROD) ---
2025-10-06 23:10:10,271 | INFO | Connessione a MT5 stabilita.
2025-10-06 23:10:10,272 | INFO | Equity attuale: 5636.72 EUR
2025-10-06 23:10:10,285 | INFO | Regime v1.3.1 OK (sha1 5ad1b14da9)
2025-10-06 23:10:11,546 | INFO | [SIG-DBG] WEEKLY GOLD: pullback dist_atr=3.57 non in [0.5,1.2]
2025-10-06 23:10:11,546 | INFO | [NO-SIGNAL] GOLD: nessun segnale valido per regime=TRENDING.
2025-10-06 23:10:12,929 | INFO | [SIG-DBG] WEEKLY SILVER: ATR% 2.00 fuori bounds [0.3,1.6]
2025-10-06 23:10:12,929 | INFO | [NO-SIGNAL] SILVER: nessun segnale valido per regime=TRENDING.
2025-10-06 23:10:14,358 | INFO | [SIG-DBG] WEEKLY SP500: ATR% 18.56 fuori bounds [0.3,1.6]
2025-10-06 23:10:14,358 | INFO | [NO-SIGNAL] SP500: nessun segnale valido per regime=TRENDING.
2025-10-06 23:10:15,663 | INFO | [SIG-DBG] BB_MR EUR/USD: R2=0.4834712842 > r2_max=0.12
2025-10-06 23:10:15,663 | INFO | [NO-SIGNAL] EUR/USD: nessun segnale valido per regime=LATERALE (Compressione).
2025-10-06 23:10:16,952 | INFO | [NO-SIGNAL] USD/JPY: nessun segnale valido per regime=LATERALE (Compressione).
2025-10-06 23:10:16,952 | INFO | [SIG-DBG] BB_MR AUD/USD: ADX=19.6100228732 >= adx_max=None
2025-10-06 23:10:16,952 | INFO | [NO-SIGNAL] AUD/USD: nessun segnale valido per regime=LATERALE.
2025-10-06 23:10:18,262 | INFO | [SIG-DBG] BB_MR GBP/USD: R2=0.1974645115 > r2_max=None
2025-10-06 23:10:18,262 | INFO | [NO-SIGNAL] GBP/USD: nessun segnale valido per regime=LATERALE.
2025-10-06 23:10:18,262 | INFO | --- Sessione decisionale completata ---
2025-10-06 23:10:18,263 | INFO | Connessione a MT5 chiusa.
[06/10/2025 23:10:19,52] END ODIN_DAILY 
