2025-10-11 16:06:19,322 | INFO | [PARAMS] Caricati da: C:\AUTOMAZIONE\params\current.json
[MacroGate] risk_caps_multiplier=— | asset_overrides=AUD/USD, EUR/USD, GBP/USD, GOLD, NZD/USD, SILVER | guardrails={}
ODIN bootstrap…
2025-10-11 16:06:19,345 | INFO | --- Avvio Sala Decisionale ODIN v2.3 (PROD) ---
2025-10-11 16:06:19,360 | INFO | Connessione a MT5 stabilita.
2025-10-11 16:06:19,361 | INFO | Equity attuale: 5636.72 EUR
2025-10-11 16:06:19,371 | INFO | Regime v1.3.2 OK (sha1 9de0608cb9)
2025-10-11 16:06:20,476 | INFO | [SIG-DBG] EUR/JPY: WEEKLY: pullback dist_atr=1.35 non in [0.4,1.0]
2025-10-11 16:06:20,477 | INFO | [NO-SIGNAL] EUR/JPY: WEEKLY: pullback dist_atr=1.35 non in [0.4,1.0]
2025-10-11 16:06:21,522 | INFO | [SIG-DBG] GBP/JPY: WEEKLY: pullback dist_atr=1.22 non in [0.4,1.0]
2025-10-11 16:06:21,523 | INFO | [NO-SIGNAL] GBP/JPY: WEEKLY: pullback dist_atr=1.22 non in [0.4,1.0]
2025-10-11 16:06:22,595 | INFO | [SIG-DBG] GOLD: WEEKLY: pullback dist_atr=2.74 non in [0.4,1.4]
2025-10-11 16:06:22,595 | INFO | [NO-SIGNAL] GOLD: WEEKLY: pullback dist_atr=2.74 non in [0.4,1.4]
2025-10-11 16:06:23,710 | INFO | [SIG-DBG] SILVER: WEEKLY: ATR% 2.54 fuori [0.3,1.9]
2025-10-11 16:06:23,710 | INFO | [NO-SIGNAL] SILVER: WEEKLY: ATR% 2.54 fuori [0.3,1.9]
2025-10-11 16:06:24,867 | INFO | [SIG-DBG] SP500: WEEKLY: ATR% 19.26 fuori [0.3,1.6]
2025-10-11 16:06:24,867 | INFO | [NO-SIGNAL] SP500: WEEKLY: ATR% 19.26 fuori [0.3,1.6]
2025-10-11 16:06:25,896 | INFO | [SIG-DBG] AUD/USD: BB_MR: R2=0.41 > r2_max=0.2
2025-10-11 16:06:25,896 | INFO | [NO-SIGNAL] AUD/USD: BB_MR: R2=0.41 > r2_max=0.2
2025-10-11 16:06:38,232 | INFO | [NO-SIGNAL] EUR/USD: nessun setup valido (regime=LATERALE).
2025-10-11 16:06:39,264 | INFO | [NO-SIGNAL] GBP/USD: nessun setup valido (regime=LATERALE).
2025-10-11 16:06:39,265 | INFO | [SIG-DBG] USD/JPY: BB_MR: ADX=18.37 >= adx_max=18.0
2025-10-11 16:06:39,265 | INFO | [NO-SIGNAL] USD/JPY: BB_MR: ADX=18.37 >= adx_max=18.0
2025-10-11 16:06:39,265 | INFO | --- Sessione decisionale completata ---
2025-10-11 16:06:39,265 | INFO | Connessione a MT5 chiusa.
