[10/10/2025 23:10:01,38] START ODIN_DAILY 
--- MODULO 1: REGIME --- 
--- Avvio Filtro di Regime ODIN v1.3.2 ---
--- Avvio Preflight Check ---
Traceback (most recent call last):
  File "C:\AUTOMAZIONE\regime_filterV2.py", line 352, in <module>
    main()
  File "C:\AUTOMAZIONE\regime_filterV2.py", line 241, in main
    ASSET_RESOLVED = preflight_symbols(td, ASSET_PORTFOLIO, INTERVAL, OUTPUTSIZE)
                     ^^^^^^^^^^^^^^^^^^^^^^^^^^^^^^^^^^^^^^^^^^^^^^^^^^^^^^^^^^^^
  File "C:\AUTOMAZIONE\regime_filterV2.py", line 150, in preflight_symbols
    _log("\n\u26a0\ufe0f  Preflight: esclusi per problemi:")
  File "C:\AUTOMAZIONE\regime_filterV2.py", line 69, in _log
    print(msg, flush=True)
  File "C:\Users\massimomiliani\AppData\Local\Programs\Python\Python312\Lib\encodings\cp1252.py", line 19, in encode
    return codecs.charmap_encode(input,self.errors,encoding_table)[0]
           ^^^^^^^^^^^^^^^^^^^^^^^^^^^^^^^^^^^^^^^^^^^^^^^^^^^^^^^
UnicodeEncodeError: 'charmap' codec can't encode characters in position 2-3: character maps to <undefined>
--- MODULO 4: MAIN (with summary) --- 
2025-10-10 23:10:09,773 | INFO | [PARAMS] Caricati da: C:\AUTOMAZIONE\params\current.json
[MacroGate] risk_caps_multiplier=0.85 | asset_overrides=AUD/USD, EUR/USD, GBP/USD, GOLD, NZD/USD, SILVER | guardrails={}
2025-10-10 23:10:09,780 | INFO | --- Avvio Sala Decisionale ODIN v2.3 (PROD) ---
2025-10-10 23:10:09,801 | INFO | Connessione a MT5 stabilita.
2025-10-10 23:10:09,801 | INFO | Equity attuale: 5636.72 EUR
2025-10-10 23:10:09,804 | INFO | Regime v1.3.2 OK (sha1 022113b527)
2025-10-10 23:10:11,117 | INFO | [SIG-DBG] EUR/JPY: WEEKLY: pullback dist_atr=1.35 non in [0.4,1.0]
2025-10-10 23:10:11,117 | INFO | [NO-SIGNAL] EUR/JPY: WEEKLY: pullback dist_atr=1.35 non in [0.4,1.0]
2025-10-10 23:10:12,149 | INFO | [SIG-DBG] GBP/JPY: WEEKLY: pullback dist_atr=1.22 non in [0.4,1.0]
2025-10-10 23:10:12,150 | INFO | [NO-SIGNAL] GBP/JPY: WEEKLY: pullback dist_atr=1.22 non in [0.4,1.0]
2025-10-10 23:10:13,158 | INFO | [SIG-DBG] GOLD: WEEKLY: pullback dist_atr=2.74 non in [0.4,1.7]
2025-10-10 23:10:13,158 | INFO | [NO-SIGNAL] GOLD: WEEKLY: pullback dist_atr=2.74 non in [0.4,1.7]
2025-10-10 23:10:14,186 | INFO | [SIG-DBG] SILVER: WEEKLY: ATR% 2.54 fuori [0.3,2.2]
2025-10-10 23:10:14,186 | INFO | [NO-SIGNAL] SILVER: WEEKLY: ATR% 2.54 fuori [0.3,2.2]
2025-10-10 23:10:16,048 | INFO | [SIG-DBG] SP500: WEEKLY: ATR% 19.26 fuori [0.3,1.6]
2025-10-10 23:10:16,048 | INFO | [NO-SIGNAL] SP500: WEEKLY: ATR% 19.26 fuori [0.3,1.6]
2025-10-10 23:10:16,048 | INFO | [SIG-DBG] AUD/USD: BB_MR: ADX=18.65 >= adx_max=18.0
2025-10-10 23:10:16,048 | INFO | [NO-SIGNAL] AUD/USD: BB_MR: ADX=18.65 >= adx_max=18.0
2025-10-10 23:10:17,030 | INFO | [SIG-DBG] EUR/USD: BB_MR: R2=0.26 > r2_max=0.15
2025-10-10 23:10:17,031 | INFO | [NO-SIGNAL] EUR/USD: BB_MR: R2=0.26 > r2_max=0.15
2025-10-10 23:10:18,038 | INFO | [NO-SIGNAL] GBP/USD: nessun setup valido (regime=LATERALE).
2025-10-10 23:10:19,065 | INFO | [NO-SIGNAL] USD/JPY: nessun setup valido (regime=LATERALE).
2025-10-10 23:10:19,065 | INFO | --- Sessione decisionale completata ---
2025-10-10 23:10:19,065 | INFO | Connessione a MT5 chiusa.
[10/10/2025 23:10:20,09] END ODIN_DAILY 
