  File "C:\AUTOMAZIONE\odin_main.py", line 1208
    EXPLORATION_RATE = float(os.getenv("ODIN_EXPLORATION_RATE", "0.1"))  # 10% di chance
SyntaxError: expected 'except' or 'finally' block
2025-10-13 17:53:38,101 | INFO | [PARAMS] Caricati da: C:\AUTOMAZIONE\params\current.json
[MacroGate] risk_caps_multiplier=0.85 | asset_overrides=AUD/USD, EUR/USD, GBP/USD, GOLD, NZD/USD, SILVER | guardrails={}
ODIN bootstrap…
2025-10-13 17:53:38,110 | INFO | --- Avvio Sala Decisionale ODIN v2.4 (PROD) ---
2025-10-13 17:53:38,110 | INFO | [NewsGate] enable=True | file=news_blackout.json | finestre=0
2025-10-13 17:53:38,128 | INFO | Connessione a MT5 stabilita.
2025-10-13 17:53:38,128 | INFO | Equity attuale: 5636.72 EUR
2025-10-13 17:53:38,131 | INFO | Regime v1.3.2 OK (sha1 4e54560843)
2025-10-13 17:53:39,293 | INFO | [NO-SIGNAL] EUR/JPY: nessun setup valido (regime=TRENDING).
2025-10-13 17:53:40,352 | INFO | [NO-SIGNAL] GBP/JPY: nessun setup valido (regime=TRENDING).
2025-10-13 17:53:41,452 | INFO | [SIG-DBG] GOLD: WEEKLY: turbolenza alta vs contesto (ATR%/BBW)
2025-10-13 17:53:41,452 | INFO | [NO-SIGNAL] GOLD: WEEKLY: turbolenza alta vs contesto (ATR%/BBW)
2025-10-13 17:53:42,532 | INFO | [SIG-DBG] SILVER: WEEKLY: turbolenza alta vs contesto (ATR%/BBW)
2025-10-13 17:53:42,532 | INFO | [NO-SIGNAL] SILVER: WEEKLY: turbolenza alta vs contesto (ATR%/BBW)
2025-10-13 17:53:43,799 | INFO | [SIG-DBG] SP500: WEEKLY: turbolenza alta vs contesto (ATR%/BBW)
2025-10-13 17:53:43,799 | INFO | [NO-SIGNAL] SP500: WEEKLY: turbolenza alta vs contesto (ATR%/BBW)
2025-10-13 17:53:44,899 | INFO | [NO-SIGNAL] GBP/USD: nessun setup valido (regime=LATERALE (Compressione)).
2025-10-13 17:53:45,999 | INFO | [NO-SIGNAL] AUD/USD: nessun setup valido (regime=LATERALE).
2025-10-13 17:53:47,056 | INFO | [NO-SIGNAL] EUR/USD: nessun setup valido (regime=LATERALE).
2025-10-13 17:53:48,132 | INFO | [NO-SIGNAL] USD/JPY: nessun setup valido (regime=LATERALE).
2025-10-13 17:53:48,132 | INFO | --- Sessione decisionale completata ---
2025-10-13 17:53:49,070 | INFO | Connessione a MT5 chiusa.
