[04/10/2025 17:15:28,72] START ODIN_DAILY 
--- MODULO 1: REGIME --- 
--- Avvio Filtro di Regime ODIN v1.3.1 ---
--- Avvio Preflight Check ---
Traceback (most recent call last):
  File "C:\AUTOMAZIONE\regime_filterV2.py", line 343, in <module>
    main()
  File "C:\AUTOMAZIONE\regime_filterV2.py", line 240, in main
    ASSET_RESOLVED = preflight_symbols(td, ASSET_PORTFOLIO, INTERVAL, OUTPUTSIZE)
                     ^^^^^^^^^^^^^^^^^^^^^^^^^^^^^^^^^^^^^^^^^^^^^^^^^^^^^^^^^^^^
  File "C:\AUTOMAZIONE\regime_filterV2.py", line 149, in preflight_symbols
    _log("\n\u26a0\ufe0f  Preflight: esclusi per problemi:")
  File "C:\AUTOMAZIONE\regime_filterV2.py", line 68, in _log
    print(msg, flush=True)
  File "C:\Users\massimomiliani\AppData\Local\Programs\Python\Python312\Lib\encodings\cp1252.py", line 19, in encode
    return codecs.charmap_encode(input,self.errors,encoding_table)[0]
           ^^^^^^^^^^^^^^^^^^^^^^^^^^^^^^^^^^^^^^^^^^^^^^^^^^^^^^^
UnicodeEncodeError: 'charmap' codec can't encode characters in position 2-3: character maps to <undefined>
--- MODULO 4: MAIN (with summary) --- 
2025-10-04 17:15:32,834 | INFO | [PARAMS] Caricati da: C:\AUTOMAZIONE\params\current.json
2025-10-04 17:15:32,840 | INFO | --- Avvio Sala Decisionale ODIN v2.3 (PROD) ---
2025-10-04 17:15:32,851 | INFO | Connessione a MT5 stabilita.
2025-10-04 17:15:32,851 | INFO | Equity attuale: 5514.66 EUR
2025-10-04 17:15:32,852 | INFO | Regime v1.3.1 OK (sha1 5ad1b14da9)
2025-10-04 17:15:33,703 | INFO | [SIG-DBG] WEEKLY GOLD: pullback dist_atr=2.74 non in [0.5,1.2]
2025-10-04 17:15:33,704 | INFO | [NO-SIGNAL] GOLD: nessun segnale valido per regime=TRENDING.
2025-10-04 17:15:34,546 | INFO | [SIG-DBG] WEEKLY SILVER: ATR% 2.20 fuori bounds [0.3,1.6]
2025-10-04 17:15:34,546 | INFO | [NO-SIGNAL] SILVER: nessun segnale valido per regime=TRENDING.
2025-10-04 17:15:35,866 | INFO | [SIG-DBG] WEEKLY SP500: ATR% 19.84 fuori bounds [0.3,1.6]
2025-10-04 17:15:35,867 | INFO | [NO-SIGNAL] SP500: nessun segnale valido per regime=TRENDING.
2025-10-04 17:15:36,696 | INFO | [SIG-DBG] BB_MR EUR/USD: R2=0.4834712842 > r2_max=0.12
2025-10-04 17:15:36,697 | INFO | [NO-SIGNAL] EUR/USD: nessun segnale valido per regime=LATERALE (Compressione).
2025-10-04 17:15:37,499 | INFO | [NO-SIGNAL] USD/JPY: nessun segnale valido per regime=LATERALE (Compressione).
2025-10-04 17:15:37,499 | INFO | [SIG-DBG] BB_MR AUD/USD: ADX=19.6100228732 >= adx_max=None
2025-10-04 17:15:37,499 | INFO | [NO-SIGNAL] AUD/USD: nessun segnale valido per regime=LATERALE.
2025-10-04 17:15:38,314 | INFO | [SIG-DBG] BB_MR GBP/USD: R2=0.1974645115 > r2_max=None
2025-10-04 17:15:38,314 | INFO | [NO-SIGNAL] GBP/USD: nessun segnale valido per regime=LATERALE.
2025-10-04 17:15:38,315 | INFO | --- Sessione decisionale completata ---
2025-10-04 17:15:38,315 | INFO | Connessione a MT5 chiusa.
[04/10/2025 17:15:39,23] END ODIN_DAILY 
