2025-10-14 14:10:03,672 | INFO | [PARAMS] Caricati da: C:\AUTOMAZIONE\params\current.json
[MacroGate] risk_caps_multiplier=1.0 | asset_overrides=AUD/USD, EUR/USD, GBP/USD, GOLD, NZD/USD, SILVER | guardrails={}
ODIN bootstrap…
2025-10-14 14:10:03,681 | INFO | --- Avvio Sala Decisionale ODIN v2.4 (PROD) ---
2025-10-14 14:10:03,682 | INFO | [NewsGate] enable=True | file=news_blackout.json | finestre=0
2025-10-14 14:10:03,695 | INFO | Connessione a MT5 stabilita.
2025-10-14 14:10:03,698 | INFO | Equity attuale: 5636.72 EUR
2025-10-14 14:10:03,698 | INFO | Regime v1.3.2 OK (sha1 93f6fdc22c)
2025-10-14 14:10:04,898 | INFO | [NO-SIGNAL] EUR/JPY: nessun setup valido (regime=TRENDING).
2025-10-14 14:10:05,982 | INFO | [SIG-DBG] GBP/JPY: WEEKLY: pullback dist_atr=1.57 non in [0.4,1.3]
2025-10-14 14:10:05,982 | INFO | [NO-SIGNAL] GBP/JPY: WEEKLY: pullback dist_atr=1.57 non in [0.4,1.3]
2025-10-14 14:10:07,050 | INFO | [SIG-DBG] GOLD: WEEKLY: turbolenza alta vs contesto (ATR%/BBW)
2025-10-14 14:10:08,086 | INFO | [SIG-DBG] GOLD: WEEKLY: turbolenza alta vs contesto (ATR%/BBW)
2025-10-14 14:10:08,086 | INFO | [NO-SIGNAL] GOLD: WEEKLY: turbolenza alta vs contesto (ATR%/BBW)
2025-10-14 14:10:09,142 | INFO | [SIG-DBG] SILVER: WEEKLY: turbolenza alta vs contesto (ATR%/BBW)
2025-10-14 14:10:09,142 | INFO | [NO-SIGNAL] SILVER: WEEKLY: turbolenza alta vs contesto (ATR%/BBW)
2025-10-14 14:10:10,323 | INFO | [SIG-DBG] SP500: WEEKLY: turbolenza alta vs contesto (ATR%/BBW)
2025-10-14 14:10:10,323 | INFO | [NO-SIGNAL] SP500: WEEKLY: turbolenza alta vs contesto (ATR%/BBW)
2025-10-14 14:10:11,423 | INFO | [NO-SIGNAL] AUD/USD: nessun setup valido (regime=LATERALE).
2025-10-14 14:10:12,584 | INFO | [NO-SIGNAL] GBP/USD: nessun setup valido (regime=LATERALE).
2025-10-14 14:10:14,746 | INFO | [NO-SIGNAL] USD/JPY: nessun setup valido (regime=LATERALE).
2025-10-14 14:10:14,747 | INFO | --- Sessione decisionale completata ---
2025-10-14 14:10:15,845 | INFO | Connessione a MT5 chiusa.
