2025-10-12 14:10:03,826 | INFO | [PARAMS] Caricati da: C:\AUTOMAZIONE\params\current.json
[MacroGate] risk_caps_multiplier=0.85 | asset_overrides=AUD/USD, EUR/USD, GBP/USD, GOLD, NZD/USD, SILVER | guardrails={}
ODIN bootstrap…
2025-10-12 14:10:03,844 | INFO | --- Avvio Sala Decisionale ODIN v2.3 (PROD) ---
2025-10-12 14:10:03,844 | INFO | [NewsGate] enable=True | file=news_blackout.json | finestre=0
2025-10-12 14:10:03,857 | INFO | Connessione a MT5 stabilita.
2025-10-12 14:10:03,857 | INFO | Equity attuale: 5636.72 EUR
2025-10-12 14:10:03,859 | INFO | Regime v1.3.2 OK (sha1 832a4fbcb8)
2025-10-12 14:10:05,038 | INFO | [SIG-DBG] EUR/JPY: WEEKLY: pullback dist_atr=1.35 non in [0.4,1.0]
2025-10-12 14:10:05,038 | INFO | [NO-SIGNAL] EUR/JPY: WEEKLY: pullback dist_atr=1.35 non in [0.4,1.0]
2025-10-12 14:10:06,055 | INFO | [SIG-DBG] GBP/JPY: WEEKLY: pullback dist_atr=1.22 non in [0.4,1.0]
2025-10-12 14:10:06,055 | INFO | [NO-SIGNAL] GBP/JPY: WEEKLY: pullback dist_atr=1.22 non in [0.4,1.0]
2025-10-12 14:10:07,109 | INFO | [SIG-DBG] GOLD: WEEKLY: pullback dist_atr=2.74 non in [0.4,1.4]
2025-10-12 14:10:07,109 | INFO | [NO-SIGNAL] GOLD: WEEKLY: pullback dist_atr=2.74 non in [0.4,1.4]
2025-10-12 14:10:08,265 | INFO | [SIG-DBG] SILVER: WEEKLY: ATR% 2.54 fuori [0.3,1.9]
2025-10-12 14:10:08,265 | INFO | [NO-SIGNAL] SILVER: WEEKLY: ATR% 2.54 fuori [0.3,1.9]
2025-10-12 14:10:09,362 | INFO | [SIG-DBG] SP500: WEEKLY: ATR% 19.26 fuori [0.3,1.6]
2025-10-12 14:10:09,362 | INFO | [NO-SIGNAL] SP500: WEEKLY: ATR% 19.26 fuori [0.3,1.6]
2025-10-12 14:10:11,778 | INFO | [SIG-DBG] AUD/USD: BB_MR: R2=0.41 > r2_max=0.2
2025-10-12 14:10:11,778 | INFO | [NO-SIGNAL] AUD/USD: BB_MR: R2=0.41 > r2_max=0.2
2025-10-12 14:10:12,756 | INFO | [NO-SIGNAL] EUR/USD: nessun setup valido (regime=LATERALE).
2025-10-12 14:10:13,755 | INFO | [NO-SIGNAL] GBP/USD: nessun setup valido (regime=LATERALE).
2025-10-12 14:10:13,755 | INFO | [SIG-DBG] USD/JPY: BB_MR: ADX=18.37 >= adx_max=18.0
2025-10-12 14:10:13,757 | INFO | [NO-SIGNAL] USD/JPY: BB_MR: ADX=18.37 >= adx_max=18.0
2025-10-12 14:10:14,620 | INFO | --- Sessione decisionale completata ---
2025-10-12 14:10:14,620 | INFO | Connessione a MT5 chiusa.
