[09/10/2025 23:10:01,28] START ODIN_DAILY 
--- MODULO 1: REGIME --- 
--- Avvio Filtro di Regime ODIN v1.3.2 ---
--- Avvio Preflight Check ---
Traceback (most recent call last):
  File "C:\AUTOMAZIONE\regime_filterV2.py", line 352, in <module>
    main()
  File "C:\AUTOMAZIONE\regime_filterV2.py", line 241, in main
    ASSET_RESOLVED = preflight_symbols(td, ASSET_PORTFOLIO, INTERVAL, OUTPUTSIZE)
                     ^^^^^^^^^^^^^^^^^^^^^^^^^^^^^^^^^^^^^^^^^^^^^^^^^^^^^^^^^^^^
  File "C:\AUTOMAZIONE\regime_filterV2.py", line 150, in preflight_symbols
    _log("\n\u26a0\ufe0f  Preflight: esclusi per problemi:")
  File "C:\AUTOMAZIONE\regime_filterV2.py", line 69, in _log
    print(msg, flush=True)
  File "C:\Users\massimomiliani\AppData\Local\Programs\Python\Python312\Lib\encodings\cp1252.py", line 19, in encode
    return codecs.charmap_encode(input,self.errors,encoding_table)[0]
           ^^^^^^^^^^^^^^^^^^^^^^^^^^^^^^^^^^^^^^^^^^^^^^^^^^^^^^^
UnicodeEncodeError: 'charmap' codec can't encode characters in position 2-3: character maps to <undefined>
--- MODULO 4: MAIN (with summary) --- 
2025-10-09 23:10:08,443 | INFO | [PARAMS] Caricati da: C:\AUTOMAZIONE\params\current.json
[MacroGate] risk_caps_multiplier=0.85 | asset_overrides=AUD/USD, EUR/USD, GBP/USD, GOLD, NZD/USD, SILVER | guardrails={}
2025-10-09 23:10:08,452 | INFO | --- Avvio Sala Decisionale ODIN v2.3 (PROD) ---
2025-10-09 23:10:08,469 | INFO | Connessione a MT5 stabilita.
2025-10-09 23:10:08,469 | INFO | Equity attuale: 5636.72 EUR
2025-10-09 23:10:08,470 | INFO | Regime v1.3.2 OK (sha1 6b43cdeb3c)
2025-10-09 23:10:09,619 | INFO | [SIG-DBG] EUR/JPY: WEEKLY: pullback dist_atr=2.45 non in [0.4,1.0]
2025-10-09 23:10:09,619 | INFO | [NO-SIGNAL] EUR/JPY: WEEKLY: pullback dist_atr=2.45 non in [0.4,1.0]
2025-10-09 23:10:10,732 | INFO | [SIG-DBG] GBP/JPY: WEEKLY: pullback dist_atr=2.34 non in [0.4,1.0]
2025-10-09 23:10:10,732 | INFO | [NO-SIGNAL] GBP/JPY: WEEKLY: pullback dist_atr=2.34 non in [0.4,1.0]
2025-10-09 23:10:11,863 | INFO | [SIG-DBG] GOLD: WEEKLY: pullback dist_atr=2.49 non in [0.4,1.7]
2025-10-09 23:10:11,864 | INFO | [NO-SIGNAL] GOLD: WEEKLY: pullback dist_atr=2.49 non in [0.4,1.7]
2025-10-09 23:10:12,961 | INFO | [SIG-DBG] SILVER: WEEKLY: ATR% 2.40 fuori [0.3,2.2]
2025-10-09 23:10:12,962 | INFO | [NO-SIGNAL] SILVER: WEEKLY: ATR% 2.40 fuori [0.3,2.2]
2025-10-09 23:10:14,365 | INFO | [SIG-DBG] SP500: WEEKLY: ATR% 22.27 fuori [0.3,1.6]
2025-10-09 23:10:14,365 | INFO | [NO-SIGNAL] SP500: WEEKLY: ATR% 22.27 fuori [0.3,1.6]
2025-10-09 23:10:14,366 | INFO | [SIG-DBG] AUD/USD: BB_MR: ADX=18.82 >= adx_max=18.0
2025-10-09 23:10:14,366 | INFO | [NO-SIGNAL] AUD/USD: BB_MR: ADX=18.82 >= adx_max=18.0
2025-10-09 23:10:15,498 | INFO | [SIG-DBG] EUR/USD: BB_MR: R2=0.39 > r2_max=None
2025-10-09 23:10:15,499 | INFO | [NO-SIGNAL] EUR/USD: BB_MR: R2=0.39 > r2_max=None
2025-10-09 23:10:16,593 | INFO | [NO-SIGNAL] GBP/USD: nessun setup valido (regime=LATERALE).
2025-10-09 23:10:17,792 | INFO | [NO-SIGNAL] USD/JPY: nessun setup valido (regime=LATERALE).
2025-10-09 23:10:17,792 | INFO | --- Sessione decisionale completata ---
2025-10-09 23:10:17,792 | INFO | Connessione a MT5 chiusa.
[09/10/2025 23:10:18,87] END ODIN_DAILY 
