[13/10/2025  2:05:01,54] START ODIN_DAILY 
--- MODULO 1: REGIME --- 
--- Avvio Filtro di Regime ODIN v1.3.2 ---
--- Avvio Preflight Check ---
Traceback (most recent call last):
  File "C:\AUTOMAZIONE\regime_filterV2.py", line 352, in <module>
    main()
  File "C:\AUTOMAZIONE\regime_filterV2.py", line 241, in main
    ASSET_RESOLVED = preflight_symbols(td, ASSET_PORTFOLIO, INTERVAL, OUTPUTSIZE)
                     ^^^^^^^^^^^^^^^^^^^^^^^^^^^^^^^^^^^^^^^^^^^^^^^^^^^^^^^^^^^^
  File "C:\AUTOMAZIONE\regime_filterV2.py", line 150, in preflight_symbols
    _log("\n\u26a0\ufe0f  Preflight: esclusi per problemi:")
  File "C:\AUTOMAZIONE\regime_filterV2.py", line 69, in _log
    print(msg, flush=True)
  File "C:\Users\massimomiliani\AppData\Local\Programs\Python\Python312\Lib\encodings\cp1252.py", line 19, in encode
    return codecs.charmap_encode(input,self.errors,encoding_table)[0]
           ^^^^^^^^^^^^^^^^^^^^^^^^^^^^^^^^^^^^^^^^^^^^^^^^^^^^^^^
UnicodeEncodeError: 'charmap' codec can't encode characters in position 2-3: character maps to <undefined>
--- MODULO 4: MAIN (with summary) --- 
2025-10-13 02:05:07,803 | INFO | [PARAMS] Caricati da: C:\AUTOMAZIONE\params\current.json
[MacroGate] risk_caps_multiplier=0.85 | asset_overrides=AUD/USD, EUR/USD, GBP/USD, GOLD, NZD/USD, SILVER | guardrails={}
2025-10-13 02:05:07,822 | INFO | --- Avvio Sala Decisionale ODIN v2.3 (PROD) ---
2025-10-13 02:05:07,822 | INFO | [NewsGate] enable=True | file=news_blackout.json | finestre=0
2025-10-13 02:05:07,834 | INFO | Connessione a MT5 stabilita.
2025-10-13 02:05:07,834 | INFO | Equity attuale: 5636.72 EUR
2025-10-13 02:05:07,844 | INFO | Regime v1.3.2 OK (sha1 0d096e46f4)
2025-10-13 02:05:09,551 | INFO | [NO-SIGNAL] EUR/JPY: nessun setup valido (regime=TRENDING).
2025-10-13 02:05:10,538 | INFO | [NO-SIGNAL] GBP/JPY: nessun setup valido (regime=TRENDING).
2025-10-13 02:05:11,532 | INFO | [SIG-DBG] GOLD: WEEKLY: ATR% 2.15 fuori [0.3,1.8]
2025-10-13 02:05:11,532 | INFO | [NO-SIGNAL] GOLD: WEEKLY: ATR% 2.15 fuori [0.3,1.8]
2025-10-13 02:05:12,583 | INFO | [SIG-DBG] SILVER: WEEKLY: ATR% 2.61 fuori [0.3,1.9]
2025-10-13 02:05:12,583 | INFO | [NO-SIGNAL] SILVER: WEEKLY: ATR% 2.61 fuori [0.3,1.9]
2025-10-13 02:05:13,704 | INFO | [SIG-DBG] SP500: WEEKLY: ATR% 19.26 fuori [0.3,1.6]
2025-10-13 02:05:13,704 | INFO | [NO-SIGNAL] SP500: WEEKLY: ATR% 19.26 fuori [0.3,1.6]
2025-10-13 02:05:14,756 | INFO | [SIG-DBG] AUD/USD: BB_MR: R2=0.25 > r2_max=0.2
2025-10-13 02:05:14,756 | INFO | [NO-SIGNAL] AUD/USD: BB_MR: R2=0.25 > r2_max=0.2
2025-10-13 02:05:15,787 | INFO | [NO-SIGNAL] EUR/USD: nessun setup valido (regime=LATERALE).
2025-10-13 02:05:16,781 | INFO | [NO-SIGNAL] GBP/USD: nessun setup valido (regime=LATERALE).
2025-10-13 02:05:16,783 | INFO | [SIG-DBG] USD/JPY: BB_MR: ADX=19.50 >= adx_max=18.0
2025-10-13 02:05:16,783 | INFO | [NO-SIGNAL] USD/JPY: BB_MR: ADX=19.50 >= adx_max=18.0
2025-10-13 02:05:17,614 | INFO | --- Sessione decisionale completata ---
2025-10-13 02:05:17,614 | INFO | Connessione a MT5 chiusa.
[13/10/2025  2:05:18,58] END ODIN_DAILY 
