--- Avvio Filtro di Regime ODIN v2.1.0 ---
--- Avvio Preflight Check ---
  ✅ AUD/CAD [AUD/CAD]
  ✅ CHF/JPY [CHF/JPY]
  ✅ EUR/AUD [EUR/AUD]
  ✅ CAD/JPY [CAD/JPY]
  ✅ GBP/JPY [GBP/JPY]
  ✅ AUD/JPY [AUD/JPY]
  ✅ USD/JPY [USD/JPY]
  ✅ EUR/JPY [EUR/JPY]
  ✅ NZD/JPY [NZD/JPY]
  ✅ NZD/USD [NZD/USD]
  ✅ NZD/CAD [NZD/CAD]
  ✅ USD/SEK [USD/SEK]
  ✅ EUR/NZD [EUR/NZD]
  ✅ AUD/CHF [AUD/CHF]
  ✅ GBP/NZD [GBP/NZD]
  ✅ USD/NOK [USD/NOK]
--- Preflight completato ---

Analizzo: AUD/CAD  (TD: AUD/CAD, tipo: forex)
--> ADX=25.12 | BBW=2.239 | ATR%=0.63 | R2=0.58 -> TRENDING
Analizzo: CHF/JPY  (TD: CHF/JPY, tipo: forex)
--> ADX=32.09 | BBW=4.412 | ATR%=0.49 | R2=0.84 -> TRENDING
Analizzo: EUR/AUD  (TD: EUR/AUD, tipo: forex)
--> ADX=17.61 | BBW=2.448 | ATR%=0.67 | R2=0.14 -> LATERALE
Analizzo: CAD/JPY  (TD: CAD/JPY, tipo: forex)
--> ADX=17.53 | BBW=4.487 | ATR%=0.70 | R2=0.13 -> LATERALE
Analizzo: GBP/JPY  (TD: GBP/JPY, tipo: forex)
--> ADX=23.19 | BBW=4.067 | ATR%=0.60 | R2=0.42 -> INDEFINITO
Analizzo: AUD/JPY  (TD: AUD/JPY, tipo: forex)
--> ADX=22.17 | BBW=4.294 | ATR%=0.91 | R2=0.64 -> INDEFINITO
Analizzo: USD/JPY  (TD: USD/JPY, tipo: forex)
--> ADX=17.84 | BBW=4.931 | ATR%=0.76 | R2=0.39 -> LATERALE
Analizzo: EUR/JPY  (TD: EUR/JPY, tipo: forex)
--> ADX=25.22 | BBW=3.467 | ATR%=0.52 | R2=0.71 -> TRENDING
Analizzo: NZD/JPY  (TD: NZD/JPY, tipo: forex)
--> ADX=18.98 | BBW=3.947 | ATR%=0.78 | R2=0.04 -> LATERALE
Analizzo: NZD/USD  (TD: NZD/USD, tipo: forex)
--> ADX=18.36 | BBW=3.293 | ATR%=0.70 | R2=0.53 -> LATERALE
Analizzo: NZD/CAD  (TD: NZD/CAD, tipo: forex)
--> ADX=19.75 | BBW=2.113 | ATR%=0.55 | R2=0.28 -> LATERALE
Analizzo: USD/SEK  (TD: USD/SEK, tipo: forex)
--> ADX=24.89 | BBW=2.406 | ATR%=0.77 | R2=0.21 -> INDEFINITO
Analizzo: EUR/NZD  (TD: EUR/NZD, tipo: forex)
--> ADX=28.01 | BBW=2.088 | ATR%=0.55 | R2=0.69 -> TRENDING
Analizzo: AUD/CHF  (TD: AUD/CHF, tipo: forex)
--> ADX=23.85 | BBW=3.515 | ATR%=0.92 | R2=0.04 -> INDEFINITO
Analizzo: GBP/NZD  (TD: GBP/NZD, tipo: forex)
--> ADX=38.33 | BBW=2.142 | ATR%=0.52 | R2=0.59 -> TRENDING
Analizzo: USD/NOK  (TD: USD/NOK, tipo: forex)
--> ADX=21.98 | BBW=2.852 | ATR%=0.80 | R2=0.26 -> INDEFINITO

========================================================================
--- REPORT DI REGIME COMPLETATO (v2.1.0) ---
[Summary Regimi] {'LATERALE': 6, 'TRENDING': 5, 'INDEFINITO': 5, 'VOLATILE': 0, 'LATERALE (Compressione)': 0, 'ERRORE_DATI': 0}
Salvato: odin_regime_report_d1.csv | odin_regime_report_d1.json (items: 16)
Hash del report (SHA1): 8f319ed81781777a183336dbd6fe9ac7e7ec7026
========================================================================
--- Avvio Filtro di Regime ODIN v2.1.0 ---
--- Avvio Preflight Check ---
  ✅ AUD/CAD [AUD/CAD]
  ✅ CHF/JPY [CHF/JPY]
  ✅ EUR/AUD [EUR/AUD]
  ✅ CAD/JPY [CAD/JPY]
  ✅ GBP/JPY [GBP/JPY]
  ✅ AUD/JPY [AUD/JPY]
  ✅ USD/JPY [USD/JPY]
  ✅ EUR/JPY [EUR/JPY]
  ✅ NZD/JPY [NZD/JPY]
  ✅ NZD/USD [NZD/USD]
  ✅ NZD/CAD [NZD/CAD]
  ✅ USD/SEK [USD/SEK]
  ✅ EUR/NZD [EUR/NZD]
  ✅ AUD/CHF [AUD/CHF]
  ✅ GBP/NZD [GBP/NZD]
  ✅ USD/NOK [USD/NOK]
--- Preflight completato ---

Analizzo: AUD/CAD  (TD: AUD/CAD, tipo: forex)
--> ADX=25.12 | BBW=2.239 | ATR%=0.63 | R2=0.58 -> TRENDING
Analizzo: CHF/JPY  (TD: CHF/JPY, tipo: forex)
--> ADX=32.09 | BBW=4.412 | ATR%=0.49 | R2=0.84 -> TRENDING
Analizzo: EUR/AUD  (TD: EUR/AUD, tipo: forex)
--> ADX=17.61 | BBW=2.448 | ATR%=0.67 | R2=0.14 -> LATERALE
Analizzo: CAD/JPY  (TD: CAD/JPY, tipo: forex)
--> ADX=17.53 | BBW=4.487 | ATR%=0.70 | R2=0.13 -> LATERALE
Analizzo: GBP/JPY  (TD: GBP/JPY, tipo: forex)
--> ADX=23.19 | BBW=4.067 | ATR%=0.60 | R2=0.42 -> INDEFINITO
Analizzo: AUD/JPY  (TD: AUD/JPY, tipo: forex)
--> ADX=22.17 | BBW=4.294 | ATR%=0.91 | R2=0.64 -> INDEFINITO
Analizzo: USD/JPY  (TD: USD/JPY, tipo: forex)
--> ADX=17.84 | BBW=4.931 | ATR%=0.76 | R2=0.39 -> LATERALE
Analizzo: EUR/JPY  (TD: EUR/JPY, tipo: forex)
--> ADX=25.22 | BBW=3.467 | ATR%=0.52 | R2=0.71 -> TRENDING
Analizzo: NZD/JPY  (TD: NZD/JPY, tipo: forex)
--> ADX=18.98 | BBW=3.947 | ATR%=0.78 | R2=0.04 -> LATERALE
Analizzo: NZD/USD  (TD: NZD/USD, tipo: forex)
--> ADX=18.36 | BBW=3.293 | ATR%=0.70 | R2=0.53 -> LATERALE
Analizzo: NZD/CAD  (TD: NZD/CAD, tipo: forex)
--> ADX=19.75 | BBW=2.113 | ATR%=0.55 | R2=0.28 -> LATERALE
Analizzo: USD/SEK  (TD: USD/SEK, tipo: forex)
--> ADX=24.89 | BBW=2.406 | ATR%=0.77 | R2=0.21 -> INDEFINITO
Analizzo: EUR/NZD  (TD: EUR/NZD, tipo: forex)
--> ADX=28.01 | BBW=2.088 | ATR%=0.55 | R2=0.69 -> TRENDING
Analizzo: AUD/CHF  (TD: AUD/CHF, tipo: forex)
--> ADX=23.85 | BBW=3.515 | ATR%=0.92 | R2=0.04 -> INDEFINITO
Analizzo: GBP/NZD  (TD: GBP/NZD, tipo: forex)
--> ADX=38.33 | BBW=2.142 | ATR%=0.52 | R2=0.59 -> TRENDING
Analizzo: USD/NOK  (TD: USD/NOK, tipo: forex)
--> ADX=21.98 | BBW=2.852 | ATR%=0.80 | R2=0.26 -> INDEFINITO

========================================================================
--- REPORT DI REGIME COMPLETATO (v2.1.0) ---
[Summary Regimi] {'LATERALE': 6, 'TRENDING': 5, 'INDEFINITO': 5, 'VOLATILE': 0, 'LATERALE (Compressione)': 0, 'ERRORE_DATI': 0}
Salvato: odin_regime_report_d1.csv | odin_regime_report_d1.json (items: 16)
Hash del report (SHA1): e7603e57deaf606e6965ca4b5ceabc6b9e8295d4
========================================================================
--- Avvio Filtro di Regime ODIN v2.2.1 ---
--- Avvio Preflight Check ---
  ✅ AUD/CAD [AUD/CAD]
  ✅ CHF/JPY [CHF/JPY]
  ✅ EUR/AUD [EUR/AUD]
  ✅ EUR/NZD [EUR/NZD]
  ✅ GBP/NZD [GBP/NZD]
  ✅ CAD/JPY [CAD/JPY]
  ✅ GBP/JPY [GBP/JPY]
  ✅ AUD/JPY [AUD/JPY]
  ✅ USD/JPY [USD/JPY]
  ✅ EUR/JPY [EUR/JPY]
  ✅ EUR/CAD [EUR/CAD]
  ✅ NZD/JPY [NZD/JPY]
  ✅ CAD/CHF [CAD/CHF]
  ✅ NZD/USD [NZD/USD]
  ✅ NZD/CAD [NZD/CAD]
  ✅ USD/SEK [USD/SEK]
--- Preflight completato ---

Analizzo: AUD/CAD  (TD: AUD/CAD, tipo: forex)
WARNING:cache_ohlc:[CACHE] AUD/CAD 1day: cache invalida (ValueError('Cache scaduta')). Refetch.
INFO:cache_ohlc:[CACHE] MISS: AUD/CAD 1day. Fetching da TwelveData...
INFO:cache_ohlc:[CACHE] Salvato AUD/CAD 1day (2000 barre)
--> ADX=21.58 | BBW=2.333 | ATR%=0.60 | R2=0.51 -> INDEFINITO
Analizzo: CHF/JPY  (TD: CHF/JPY, tipo: forex)
WARNING:cache_ohlc:[CACHE] CHF/JPY 1day: cache invalida (ValueError('Cache scaduta')). Refetch.
INFO:cache_ohlc:[CACHE] MISS: CHF/JPY 1day. Fetching da TwelveData...
INFO:cache_ohlc:[CACHE] Salvato CHF/JPY 1day (2000 barre)
--> ADX=35.05 | BBW=4.616 | ATR%=0.47 | R2=0.85 -> TRENDING
Analizzo: EUR/AUD  (TD: EUR/AUD, tipo: forex)
WARNING:cache_ohlc:[CACHE] EUR/AUD 1day: cache invalida (ValueError('Cache scaduta')). Refetch.
INFO:cache_ohlc:[CACHE] MISS: EUR/AUD 1day. Fetching da TwelveData...
INFO:cache_ohlc:[CACHE] Salvato EUR/AUD 1day (2000 barre)
--> ADX=15.99 | BBW=2.469 | ATR%=0.61 | R2=0.11 -> LATERALE
Analizzo: EUR/NZD  (TD: EUR/NZD, tipo: forex)
WARNING:cache_ohlc:[CACHE] EUR/NZD 1day: cache invalida (ValueError('Cache scaduta')). Refetch.
INFO:cache_ohlc:[CACHE] MISS: EUR/NZD 1day. Fetching da TwelveData...
INFO:cache_ohlc:[CACHE] Salvato EUR/NZD 1day (2000 barre)
--> ADX=25.55 | BBW=2.061 | ATR%=0.54 | R2=0.65 -> TRENDING
Analizzo: GBP/NZD  (TD: GBP/NZD, tipo: forex)
WARNING:cache_ohlc:[CACHE] GBP/NZD 1day: cache invalida (ValueError('Cache scaduta')). Refetch.
INFO:cache_ohlc:[CACHE] MISS: GBP/NZD 1day. Fetching da TwelveData...
INFO:cache_ohlc:[CACHE] Salvato GBP/NZD 1day (2000 barre)
--> ADX=35.83 | BBW=2.159 | ATR%=0.51 | R2=0.57 -> TRENDING
Analizzo: CAD/JPY  (TD: CAD/JPY, tipo: forex)
WARNING:cache_ohlc:[CACHE] CAD/JPY 1day: cache invalida (ValueError('Cache scaduta')). Refetch.
INFO:cache_ohlc:[CACHE] MISS: CAD/JPY 1day. Fetching da TwelveData...
INFO:cache_ohlc:[CACHE] Salvato CAD/JPY 1day (2000 barre)
--> ADX=15.11 | BBW=4.575 | ATR%=0.69 | R2=0.23 -> LATERALE
Analizzo: GBP/JPY  (TD: GBP/JPY, tipo: forex)
WARNING:cache_ohlc:[CACHE] GBP/JPY 1day: cache invalida (ValueError('Cache scaduta')). Refetch.
INFO:cache_ohlc:[CACHE] MISS: GBP/JPY 1day. Fetching da TwelveData...
INFO:cache_ohlc:[CACHE] Salvato GBP/JPY 1day (2000 barre)
--> ADX=22.41 | BBW=4.025 | ATR%=0.58 | R2=0.51 -> INDEFINITO
Analizzo: AUD/JPY  (TD: AUD/JPY, tipo: forex)
WARNING:cache_ohlc:[CACHE] AUD/JPY 1day: cache invalida (ValueError('Cache scaduta')). Refetch.
INFO:cache_ohlc:[CACHE] MISS: AUD/JPY 1day. Fetching da TwelveData...
INFO:cache_ohlc:[CACHE] Salvato AUD/JPY 1day (2000 barre)
--> ADX=18.31 | BBW=4.204 | ATR%=0.84 | R2=0.67 -> LATERALE
Analizzo: USD/JPY  (TD: USD/JPY, tipo: forex)
WARNING:cache_ohlc:[CACHE] USD/JPY 1day: cache invalida (ValueError('Cache scaduta')). Refetch.
INFO:cache_ohlc:[CACHE] MISS: USD/JPY 1day. Fetching da TwelveData...
INFO:cache_ohlc:[CACHE] Salvato USD/JPY 1day (2000 barre)
--> ADX=17.54 | BBW=4.990 | ATR%=0.72 | R2=0.53 -> LATERALE
Analizzo: EUR/JPY  (TD: EUR/JPY, tipo: forex)
WARNING:cache_ohlc:[CACHE] EUR/JPY 1day: cache invalida (ValueError('Cache scaduta')). Refetch.
INFO:cache_ohlc:[CACHE] MISS: EUR/JPY 1day. Fetching da TwelveData...
INFO:cache_ohlc:[CACHE] Salvato EUR/JPY 1day (2000 barre)
--> ADX=24.97 | BBW=3.489 | ATR%=0.51 | R2=0.75 -> INDEFINITO
Analizzo: EUR/CAD  (TD: EUR/CAD, tipo: forex)
INFO:cache_ohlc:[CACHE] MISS: EUR/CAD 1day. Fetching da TwelveData...
INFO:cache_ohlc:[CACHE] Salvato EUR/CAD 1day (2000 barre)
--> ADX=17.30 | BBW=1.435 | ATR%=0.43 | R2=0.59 -> LATERALE
Analizzo: NZD/JPY  (TD: NZD/JPY, tipo: forex)
WARNING:cache_ohlc:[CACHE] NZD/JPY 1day: cache invalida (ValueError('Cache scaduta')). Refetch.
INFO:cache_ohlc:[CACHE] MISS: NZD/JPY 1day. Fetching da TwelveData...
INFO:cache_ohlc:[CACHE] Salvato NZD/JPY 1day (2000 barre)
--> ADX=16.06 | BBW=3.911 | ATR%=0.74 | R2=0.00 -> LATERALE
Analizzo: CAD/CHF  (TD: CAD/CHF, tipo: forex)
WARNING:cache_ohlc:[CACHE] CAD/CHF 1day: cache invalida (ValueError('Cache scaduta')). Refetch.
INFO:cache_ohlc:[CACHE] MISS: CAD/CHF 1day. Fetching da TwelveData...
INFO:cache_ohlc:[CACHE] Salvato CAD/CHF 1day (2000 barre)
--> ADX=20.73 | BBW=2.248 | ATR%=0.64 | R2=0.84 -> INDEFINITO
Analizzo: NZD/USD  (TD: NZD/USD, tipo: forex)
WARNING:cache_ohlc:[CACHE] NZD/USD 1day: cache invalida (ValueError('Cache scaduta')). Refetch.
INFO:cache_ohlc:[CACHE] MISS: NZD/USD 1day. Fetching da TwelveData...
INFO:cache_ohlc:[CACHE] Salvato NZD/USD 1day (2000 barre)
--> ADX=19.16 | BBW=3.325 | ATR%=0.68 | R2=0.53 -> LATERALE
Analizzo: NZD/CAD  (TD: NZD/CAD, tipo: forex)
WARNING:cache_ohlc:[CACHE] NZD/CAD 1day: cache invalida (ValueError('Cache scaduta')). Refetch.
INFO:cache_ohlc:[CACHE] MISS: NZD/CAD 1day. Fetching da TwelveData...
INFO:cache_ohlc:[CACHE] Salvato NZD/CAD 1day (2000 barre)
--> ADX=16.77 | BBW=2.067 | ATR%=0.53 | R2=0.26 -> LATERALE
Analizzo: USD/SEK  (TD: USD/SEK, tipo: forex)
WARNING:cache_ohlc:[CACHE] USD/SEK 1day: cache invalida (ValueError('Cache scaduta')). Refetch.
INFO:cache_ohlc:[CACHE] MISS: USD/SEK 1day. Fetching da TwelveData...
INFO:cache_ohlc:[CACHE] Salvato USD/SEK 1day (2000 barre)
--> ADX=23.19 | BBW=2.353 | ATR%=0.69 | R2=0.14 -> INDEFINITO

========================================================================
--- REPORT DI REGIME COMPLETATO (v2.2.1) ---
[Summary Regimi] {'LATERALE': 8, 'INDEFINITO': 5, 'TRENDING': 3, 'VOLATILE': 0, 'LATERALE (Compressione)': 0, 'ERRORE_DATI': 0}
Salvato: odin_regime_report_d1.csv | odin_regime_report_d1.json (items: 16)
Hash del report (SHA1): 34347ba523105021cdfe525a321021765bc80191
========================================================================
