--- Avvio Filtro di Regime ODIN v2.2.1 ---
--- Avvio Preflight Check ---
  ✅ AUD/CAD [AUD/CAD]
  ✅ CHF/JPY [CHF/JPY]
  ✅ EUR/AUD [EUR/AUD]
  ✅ EUR/NZD [EUR/NZD]
  ✅ GBP/NZD [GBP/NZD]
  ✅ CAD/JPY [CAD/JPY]
  ✅ GBP/JPY [GBP/JPY]
  ✅ AUD/JPY [AUD/JPY]
  ✅ USD/JPY [USD/JPY]
  ✅ GBP/AUD [GBP/AUD]
  ✅ EUR/JPY [EUR/JPY]
  ✅ NZD/JPY [NZD/JPY]
  ✅ CAD/CHF [CAD/CHF]
  ✅ NZD/USD [NZD/USD]
  ✅ NZD/CAD [NZD/CAD]
  ✅ USD/SEK [USD/SEK]
--- Preflight completato ---

Analizzo: AUD/CAD  (TD: AUD/CAD, tipo: forex)
WARNING:cache_ohlc:[CACHE] AUD/CAD 1day: cache invalida (ValueError('Cache scaduta')). Refetch.
INFO:cache_ohlc:[CACHE] MISS: AUD/CAD 1day. Fetching da TwelveData...
INFO:cache_ohlc:[CACHE] Salvato AUD/CAD 1day (2000 barre)
--> ADX=22.81 | BBW=2.268 | ATR%=0.64 | R2=0.54 -> INDEFINITO
Analizzo: CHF/JPY  (TD: CHF/JPY, tipo: forex)
WARNING:cache_ohlc:[CACHE] CHF/JPY 1day: cache invalida (ValueError('Cache scaduta')). Refetch.
INFO:cache_ohlc:[CACHE] MISS: CHF/JPY 1day. Fetching da TwelveData...
INFO:cache_ohlc:[CACHE] Salvato CHF/JPY 1day (2000 barre)
--> ADX=33.99 | BBW=4.628 | ATR%=0.50 | R2=0.85 -> TRENDING
Analizzo: EUR/AUD  (TD: EUR/AUD, tipo: forex)
WARNING:cache_ohlc:[CACHE] EUR/AUD 1day: cache invalida (ValueError('Cache scaduta')). Refetch.
INFO:cache_ohlc:[CACHE] MISS: EUR/AUD 1day. Fetching da TwelveData...
INFO:cache_ohlc:[CACHE] Salvato EUR/AUD 1day (2000 barre)
--> ADX=16.52 | BBW=2.451 | ATR%=0.65 | R2=0.13 -> LATERALE
Analizzo: EUR/NZD  (TD: EUR/NZD, tipo: forex)
WARNING:cache_ohlc:[CACHE] EUR/NZD 1day: cache invalida (ValueError('Cache scaduta')). Refetch.
INFO:cache_ohlc:[CACHE] MISS: EUR/NZD 1day. Fetching da TwelveData...
INFO:cache_ohlc:[CACHE] Salvato EUR/NZD 1day (2000 barre)
--> ADX=26.56 | BBW=2.087 | ATR%=0.57 | R2=0.67 -> TRENDING
Analizzo: GBP/NZD  (TD: GBP/NZD, tipo: forex)
WARNING:cache_ohlc:[CACHE] GBP/NZD 1day: cache invalida (ValueError('Cache scaduta')). Refetch.
INFO:cache_ohlc:[CACHE] MISS: GBP/NZD 1day. Fetching da TwelveData...
INFO:cache_ohlc:[CACHE] Salvato GBP/NZD 1day (2000 barre)
--> ADX=36.78 | BBW=2.161 | ATR%=0.54 | R2=0.57 -> TRENDING
Analizzo: CAD/JPY  (TD: CAD/JPY, tipo: forex)
WARNING:cache_ohlc:[CACHE] CAD/JPY 1day: cache invalida (ValueError('Cache scaduta')). Refetch.
INFO:cache_ohlc:[CACHE] MISS: CAD/JPY 1day. Fetching da TwelveData...
INFO:cache_ohlc:[CACHE] Salvato CAD/JPY 1day (2000 barre)
--> ADX=15.81 | BBW=4.558 | ATR%=0.74 | R2=0.19 -> LATERALE
Analizzo: GBP/JPY  (TD: GBP/JPY, tipo: forex)
WARNING:cache_ohlc:[CACHE] GBP/JPY 1day: cache invalida (ValueError('Cache scaduta')). Refetch.
INFO:cache_ohlc:[CACHE] MISS: GBP/JPY 1day. Fetching da TwelveData...
INFO:cache_ohlc:[CACHE] Salvato GBP/JPY 1day (2000 barre)
--> ADX=22.57 | BBW=4.092 | ATR%=0.62 | R2=0.46 -> INDEFINITO
Analizzo: AUD/JPY  (TD: AUD/JPY, tipo: forex)
WARNING:cache_ohlc:[CACHE] AUD/JPY 1day: cache invalida (ValueError('Cache scaduta')). Refetch.
INFO:cache_ohlc:[CACHE] MISS: AUD/JPY 1day. Fetching da TwelveData...
INFO:cache_ohlc:[CACHE] Salvato AUD/JPY 1day (2000 barre)
--> ADX=19.61 | BBW=4.248 | ATR%=0.90 | R2=0.66 -> LATERALE
Analizzo: USD/JPY  (TD: USD/JPY, tipo: forex)
WARNING:cache_ohlc:[CACHE] USD/JPY 1day: cache invalida (ValueError('Cache scaduta')). Refetch.
INFO:cache_ohlc:[CACHE] MISS: USD/JPY 1day. Fetching da TwelveData...
INFO:cache_ohlc:[CACHE] Salvato USD/JPY 1day (2000 barre)
--> ADX=17.40 | BBW=4.949 | ATR%=0.77 | R2=0.51 -> LATERALE
Analizzo: GBP/AUD  (TD: GBP/AUD, tipo: forex)
WARNING:cache_ohlc:[CACHE] GBP/AUD 1day: cache invalida (ValueError('Cache scaduta')). Refetch.
INFO:cache_ohlc:[CACHE] MISS: GBP/AUD 1day. Fetching da TwelveData...
INFO:cache_ohlc:[CACHE] Salvato GBP/AUD 1day (2000 barre)
--> ADX=17.06 | BBW=2.600 | ATR%=0.61 | R2=0.36 -> LATERALE
Analizzo: EUR/JPY  (TD: EUR/JPY, tipo: forex)
WARNING:cache_ohlc:[CACHE] EUR/JPY 1day: cache invalida (ValueError('Cache scaduta')). Refetch.
INFO:cache_ohlc:[CACHE] MISS: EUR/JPY 1day. Fetching da TwelveData...
INFO:cache_ohlc:[CACHE] Salvato EUR/JPY 1day (2000 barre)
--> ADX=24.97 | BBW=3.503 | ATR%=0.54 | R2=0.73 -> INDEFINITO
Analizzo: NZD/JPY  (TD: NZD/JPY, tipo: forex)
WARNING:cache_ohlc:[CACHE] NZD/JPY 1day: cache invalida (ValueError('Cache scaduta')). Refetch.
INFO:cache_ohlc:[CACHE] MISS: NZD/JPY 1day. Fetching da TwelveData...
INFO:cache_ohlc:[CACHE] Salvato NZD/JPY 1day (2000 barre)
--> ADX=17.10 | BBW=3.981 | ATR%=0.78 | R2=0.01 -> LATERALE
Analizzo: CAD/CHF  (TD: CAD/CHF, tipo: forex)
WARNING:cache_ohlc:[CACHE] CAD/CHF 1day: cache invalida (ValueError('Cache scaduta')). Refetch.
INFO:cache_ohlc:[CACHE] MISS: CAD/CHF 1day. Fetching da TwelveData...
INFO:cache_ohlc:[CACHE] Salvato CAD/CHF 1day (2000 barre)
--> ADX=19.91 | BBW=2.264 | ATR%=0.67 | R2=0.84 -> LATERALE
Analizzo: NZD/USD  (TD: NZD/USD, tipo: forex)
WARNING:cache_ohlc:[CACHE] NZD/USD 1day: cache invalida (ValueError('Cache scaduta')). Refetch.
INFO:cache_ohlc:[CACHE] MISS: NZD/USD 1day. Fetching da TwelveData...
INFO:cache_ohlc:[CACHE] Salvato NZD/USD 1day (2000 barre)
--> ADX=18.80 | BBW=3.316 | ATR%=0.72 | R2=0.53 -> LATERALE
Analizzo: NZD/CAD  (TD: NZD/CAD, tipo: forex)
WARNING:cache_ohlc:[CACHE] NZD/CAD 1day: cache invalida (ValueError('Cache scaduta')). Refetch.
INFO:cache_ohlc:[CACHE] MISS: NZD/CAD 1day. Fetching da TwelveData...
INFO:cache_ohlc:[CACHE] Salvato NZD/CAD 1day (2000 barre)
--> ADX=17.61 | BBW=2.097 | ATR%=0.56 | R2=0.27 -> LATERALE
Analizzo: USD/SEK  (TD: USD/SEK, tipo: forex)
WARNING:cache_ohlc:[CACHE] USD/SEK 1day: cache invalida (ValueError('Cache scaduta')). Refetch.
INFO:cache_ohlc:[CACHE] MISS: USD/SEK 1day. Fetching da TwelveData...
INFO:cache_ohlc:[CACHE] Salvato USD/SEK 1day (2000 barre)
--> ADX=23.60 | BBW=2.352 | ATR%=0.74 | R2=0.17 -> INDEFINITO

========================================================================
--- REPORT DI REGIME COMPLETATO (v2.2.1) ---
[Summary Regimi] {'LATERALE': 9, 'INDEFINITO': 4, 'TRENDING': 3, 'VOLATILE': 0, 'LATERALE (Compressione)': 0, 'ERRORE_DATI': 0}
Salvato: odin_regime_report_d1.csv | odin_regime_report_d1.json (items: 16)
Hash del report (SHA1): 3771cd24a467684f5a43370b298bd5cef36872e9
========================================================================
