2025-10-22 02:10:08,671 | INFO | RETRAIN_UNIVERSE_SOURCE=ROSTER, INCLUDE_METALS=True, RETRAIN_ONLY=(none)
2025-10-22 02:10:08,671 | INFO | --- ODIN Retrain ---
2025-10-22 02:10:09,631 | INFO | [UNIVERSE] source=ROSTER, roster_path='C:\AUTOMAZIONE\params\strategy_roster.json', count=18, labels=['AUD/CAD', 'CHF/JPY', 'EUR/AUD', 'EUR/NZD', 'GBP/NZD', 'CAD/JPY', 'GBP/JPY', 'AUD/JPY', 'USD/JPY', 'GBP/AUD', 'EUR/JPY', 'NZD/JPY', 'CAD/CHF', 'NZD/USD', 'NZD/CAD', 'USD/SEK', 'GOLD', 'SILVER']
2025-10-22 02:10:09,631 | INFO | [AUD/CAD] cache TwelveData…
2025-10-22 02:10:11,559 | INFO | [AUD/CAD] OOS FAILED — WEEKLY:trades<15 (4)|pf<1.10 (0.00)|exp<=0 (-0.772); BB_MR:trades<15 (6)
2025-10-22 02:10:11,868 | INFO | [CHF/JPY] cache TwelveData…
2025-10-22 02:10:13,651 | INFO | [CHF/JPY] OOS FAILED — WEEKLY:trades<15 (4); BB_MR:trades<15 (5)|pf<1.10 (0.57)|exp<=0 (-0.256)
2025-10-22 02:10:13,954 | INFO | [EUR/AUD] cache TwelveData…
2025-10-22 02:10:15,670 | INFO | [EUR/AUD] OOS FAILED — WEEKLY:trades<15 (4); BB_MR:trades<15 (9)|pf<1.10 (0.73)|exp<=0 (-0.137)
2025-10-22 02:10:15,972 | INFO | [EUR/NZD] cache TwelveData…
2025-10-22 02:10:17,771 | INFO | [EUR/NZD] OOS FAILED — WEEKLY:trades<15 (7); BB_MR:trades<15 (7)|pf<1.10 (0.23)|exp<=0 (-0.657)
2025-10-22 02:10:18,071 | INFO | [GBP/NZD] cache TwelveData…
2025-10-22 02:10:19,955 | INFO | [GBP/NZD] OOS FAILED — WEEKLY:trades<15 (3)|pf<1.10 (0.00); BB_MR:trades<15 (7)|pf<1.10 (1.08)
2025-10-22 02:10:20,263 | INFO | [CAD/JPY] cache TwelveData…
2025-10-22 02:10:21,964 | INFO | [CAD/JPY] OOS FAILED — WEEKLY:trades<15 (3)|pf<1.10 (0.22)|exp<=0 (-0.417); BB_MR:trades<15 (5)
2025-10-22 02:10:22,267 | INFO | [GBP/JPY] cache TwelveData…
2025-10-22 02:10:23,989 | INFO | [GBP/JPY] OOS FAILED — WEEKLY:trades<15 (5); BB_MR:trades<15 (0)|pf<1.10 (0.00)|exp<=0 (0.000)
2025-10-22 02:10:24,297 | INFO | [AUD/JPY] cache TwelveData…
2025-10-22 02:10:26,030 | INFO | [AUD/JPY] OOS FAILED — WEEKLY:trades<15 (4); BB_MR:trades<15 (10)
2025-10-22 02:10:26,330 | INFO | [USD/JPY] cache TwelveData…
2025-10-22 02:10:28,058 | INFO | [USD/JPY] OOS FAILED — WEEKLY:trades<15 (5)|pf<1.10 (0.00)|exp<=0 (-0.859); BB_MR:trades<15 (4)|pf<1.10 (0.59)|exp<=0 (-0.163)
2025-10-22 02:10:28,367 | INFO | [GBP/AUD] cache TwelveData…
2025-10-22 02:10:30,206 | INFO | [GBP/AUD] OOS FAILED — WEEKLY:trades<15 (4)|pf<1.10 (0.18)|exp<=0 (-0.617); BB_MR:trades<15 (5)
2025-10-22 02:10:30,507 | INFO | [EUR/JPY] cache TwelveData…
2025-10-22 02:10:32,357 | INFO | [EUR/JPY] OOS FAILED — WEEKLY:trades<15 (3); BB_MR:trades<15 (7)
2025-10-22 02:10:32,661 | INFO | [NZD/JPY] cache TwelveData…
2025-10-22 02:10:34,380 | INFO | [NZD/JPY] OOS FAILED — WEEKLY:trades<15 (6)|pf<1.10 (0.03)|exp<=0 (-0.811); BB_MR:trades<15 (6)|pf<1.10 (0.00)
2025-10-22 02:10:34,683 | INFO | [CAD/CHF] cache TwelveData…
2025-10-22 02:10:36,471 | INFO | [CAD/CHF] OOS FAILED — WEEKLY:trades<15 (3); BB_MR:trades<15 (3)|pf<1.10 (0.02)|exp<=0 (-0.654)
2025-10-22 02:10:36,772 | INFO | [NZD/USD] cache TwelveData…
2025-10-22 02:10:38,532 | INFO | [NZD/USD] OOS FAILED — WEEKLY:trades<15 (4)|pf<1.10 (0.49)|exp<=0 (-0.424); BB_MR:trades<15 (6)
2025-10-22 02:10:38,833 | INFO | [NZD/CAD] cache TwelveData…
2025-10-22 02:10:40,606 | INFO | [NZD/CAD] OOS FAILED — WEEKLY:trades<15 (4); BB_MR:trades<15 (4)
2025-10-22 02:10:40,910 | INFO | [USD/SEK] cache TwelveData…
2025-10-22 02:10:42,637 | INFO | [USD/SEK] OOS FAILED — WEEKLY:trades<15 (4); BB_MR:trades<15 (9)
2025-10-22 02:10:42,944 | INFO | [GOLD] cache TwelveData…
2025-10-22 02:10:44,672 | INFO | [GOLD] OOS FAILED — WEEKLY:trades<15 (4); BB_MR:trades<15 (14)|pf<1.10 (0.31)|exp<=0 (-0.545)
2025-10-22 02:10:44,975 | INFO | [SILVER] cache TwelveData…
2025-10-22 02:10:46,999 | INFO | [SILVER] OOS FAILED — WEEKLY:trades<15 (5); BB_MR:trades<15 (7)|pf<1.10 (0.42)|exp<=0 (-0.501)
2025-10-22 02:10:47,321 | INFO | [WRITE] params/current.json aggiornato.
2025-10-22 02:10:47,327 | INFO | [DUMP] retrain metrics -> C:\AUTOMAZIONE\params\retrain_metrics.json ; summary -> C:\AUTOMAZIONE\logs\last_retrain.txt
2025-10-22 02:10:48,210 | INFO | Retrain completato. Assets processati: 18, passed: 0, failed: 18
