2025-10-22 17:41:33,505 | INFO | RETRAIN_UNIVERSE_SOURCE=ROSTER, INCLUDE_METALS=True, RETRAIN_ONLY=(none)
2025-10-22 17:41:33,505 | INFO | --- ODIN Retrain ---
2025-10-22 17:41:34,536 | INFO | [UNIVERSE] source=ROSTER, roster_path='C:\AUTOMAZIONE\params\strategy_roster.json', count=18, labels=['AUD/CAD', 'CHF/JPY', 'EUR/AUD', 'EUR/NZD', 'GBP/NZD', 'CAD/JPY', 'GBP/JPY', 'AUD/JPY', 'USD/JPY', 'GBP/AUD', 'EUR/JPY', 'EUR/CAD', 'NZD/JPY', 'CAD/CHF', 'NZD/USD', 'NZD/CAD', 'GOLD', 'SILVER']
2025-10-22 17:41:34,536 | INFO | [AUD/CAD] cache TwelveData…
2025-10-22 17:41:36,357 | INFO | [AUD/CAD] OOS PASSED
2025-10-22 17:41:36,660 | INFO | [CHF/JPY] cache TwelveData…
2025-10-22 17:41:38,422 | INFO | [CHF/JPY] OOS FAILED — WEEKLY:trades<5 (4); BB_MR:pf<1.05 (0.57)|exp<=0 (-0.256)
2025-10-22 17:41:38,723 | INFO | [EUR/AUD] cache TwelveData…
2025-10-22 17:41:40,480 | INFO | [EUR/AUD] OOS FAILED — WEEKLY:trades<5 (4); BB_MR:pf<1.05 (0.73)|exp<=0 (-0.137)
2025-10-22 17:41:40,782 | INFO | [EUR/NZD] cache TwelveData…
2025-10-22 17:41:42,565 | INFO | [EUR/NZD] OOS PASSED
2025-10-22 17:41:42,866 | INFO | [GBP/NZD] cache TwelveData…
2025-10-22 17:41:45,095 | INFO | [GBP/NZD] OOS PASSED
2025-10-22 17:41:45,396 | INFO | [CAD/JPY] cache TwelveData…
2025-10-22 17:41:47,131 | INFO | [CAD/JPY] OOS PASSED
2025-10-22 17:41:47,432 | INFO | [GBP/JPY] cache TwelveData…
2025-10-22 17:41:49,244 | INFO | [GBP/JPY] OOS PASSED
2025-10-22 17:41:49,546 | INFO | [AUD/JPY] cache TwelveData…
2025-10-22 17:41:51,457 | INFO | [AUD/JPY] OOS PASSED
2025-10-22 17:41:51,758 | INFO | [USD/JPY] cache TwelveData…
2025-10-22 17:41:53,697 | INFO | [USD/JPY] OOS FAILED — WEEKLY:pf<1.05 (0.00)|exp<=0 (-0.859); BB_MR:trades<5 (4)|pf<1.05 (0.59)|exp<=0 (-0.163)
2025-10-22 17:41:53,997 | INFO | [GBP/AUD] cache TwelveData…
2025-10-22 17:41:55,794 | INFO | [GBP/AUD] OOS PASSED
2025-10-22 17:41:56,095 | INFO | [EUR/JPY] cache TwelveData…
2025-10-22 17:41:57,887 | INFO | [EUR/JPY] OOS PASSED
2025-10-22 17:41:58,189 | INFO | [EUR/CAD] cache TwelveData…
2025-10-22 17:41:59,935 | INFO | [EUR/CAD] OOS FAILED — WEEKLY:trades<5 (2)|pf<1.05 (0.00); BB_MR:trades<5 (4)|pf<1.05 (0.72)|exp<=0 (-0.141)
2025-10-22 17:42:00,236 | INFO | [NZD/JPY] cache TwelveData…
2025-10-22 17:42:02,024 | INFO | [NZD/JPY] OOS FAILED — WEEKLY:pf<1.05 (0.03)|exp<=0 (-0.811); BB_MR:pf<1.05 (0.00)
2025-10-22 17:42:02,326 | INFO | [CAD/CHF] cache TwelveData…
2025-10-22 17:42:04,139 | INFO | [CAD/CHF] OOS FAILED — WEEKLY:trades<5 (3); BB_MR:trades<5 (3)|pf<1.05 (0.02)|exp<=0 (-0.654)
2025-10-22 17:42:04,444 | INFO | [NZD/USD] cache TwelveData…
2025-10-22 17:42:06,254 | INFO | [NZD/USD] OOS PASSED
2025-10-22 17:42:06,556 | INFO | [NZD/CAD] cache TwelveData…
2025-10-22 17:42:08,471 | INFO | [NZD/CAD] OOS FAILED — WEEKLY:trades<5 (4); BB_MR:trades<5 (4)
2025-10-22 17:42:08,772 | INFO | [GOLD] cache TwelveData…
2025-10-22 17:42:10,518 | INFO | [GOLD] OOS FAILED — WEEKLY:trades<5 (4); BB_MR:pf<1.05 (0.31)|exp<=0 (-0.545)
2025-10-22 17:42:10,819 | INFO | [SILVER] cache TwelveData…
2025-10-22 17:42:13,089 | INFO | [SILVER] OOS PASSED
2025-10-22 17:42:13,418 | INFO | [WRITE] params/current.json aggiornato.
2025-10-22 17:42:13,424 | INFO | [DUMP] retrain metrics -> C:\AUTOMAZIONE\params\retrain_metrics.json ; summary -> C:\AUTOMAZIONE\logs\last_retrain.txt
2025-10-22 17:42:14,895 | INFO | Retrain completato. Assets processati: 18, passed: 10, failed: 8
