2025-10-21 02:15:06,858 | INFO | RETRAIN_UNIVERSE_SOURCE=ROSTER, INCLUDE_METALS=True, RETRAIN_ONLY=(none)
2025-10-21 02:15:06,858 | INFO | --- ODIN Retrain ---
2025-10-21 02:15:07,983 | INFO | [UNIVERSE] source=ROSTER, roster_path='C:\AUTOMAZIONE\params\strategy_roster.json', count=18, labels=['AUD/CAD', 'CHF/JPY', 'EUR/AUD', 'CAD/JPY', 'GBP/JPY', 'AUD/JPY', 'USD/JPY', 'EUR/JPY', 'NZD/JPY', 'NZD/USD', 'NZD/CAD', 'USD/SEK', 'EUR/NZD', 'AUD/CHF', 'GBP/NZD', 'USD/NOK', 'GOLD', 'SILVER']
2025-10-21 02:15:07,983 | INFO | [AUD/CAD] cache TwelveData…
2025-10-21 02:15:10,348 | INFO | [AUD/CAD] OOS FAILED — WEEKLY:trades<15 (4)|pf<1.10 (0.00)|exp<=0 (-0.772); BB_MR:trades<15 (6)
2025-10-21 02:15:10,656 | INFO | [CHF/JPY] cache TwelveData…
2025-10-21 02:15:12,375 | INFO | [CHF/JPY] OOS FAILED — WEEKLY:trades<15 (4); BB_MR:trades<15 (5)|pf<1.10 (0.57)|exp<=0 (-0.256)
2025-10-21 02:15:12,677 | INFO | [EUR/AUD] cache TwelveData…
2025-10-21 02:15:14,403 | INFO | [EUR/AUD] OOS FAILED — WEEKLY:trades<15 (4); BB_MR:trades<15 (9)|pf<1.10 (0.73)|exp<=0 (-0.137)
2025-10-21 02:15:14,704 | INFO | [CAD/JPY] cache TwelveData…
2025-10-21 02:15:16,820 | INFO | [CAD/JPY] OOS FAILED — WEEKLY:trades<15 (3)|pf<1.10 (0.22)|exp<=0 (-0.417); BB_MR:trades<15 (5)
2025-10-21 02:15:17,121 | INFO | [GBP/JPY] cache TwelveData…
2025-10-21 02:15:18,892 | INFO | [GBP/JPY] OOS FAILED — WEEKLY:trades<15 (5); BB_MR:trades<15 (0)|pf<1.10 (0.00)|exp<=0 (0.000)
2025-10-21 02:15:19,193 | INFO | [AUD/JPY] cache TwelveData…
2025-10-21 02:15:20,968 | INFO | [AUD/JPY] OOS FAILED — WEEKLY:trades<15 (4); BB_MR:trades<15 (10)
2025-10-21 02:15:21,271 | INFO | [USD/JPY] cache TwelveData…
2025-10-21 02:15:23,301 | INFO | [USD/JPY] OOS FAILED — WEEKLY:trades<15 (5)|pf<1.10 (0.00)|exp<=0 (-0.859); BB_MR:trades<15 (4)|pf<1.10 (0.59)|exp<=0 (-0.164)
2025-10-21 02:15:23,602 | INFO | [EUR/JPY] cache TwelveData…
2025-10-21 02:15:25,646 | INFO | [EUR/JPY] OOS FAILED — WEEKLY:trades<15 (3); BB_MR:trades<15 (7)
2025-10-21 02:15:25,958 | INFO | [NZD/JPY] cache TwelveData…
2025-10-21 02:15:27,780 | INFO | [NZD/JPY] OOS FAILED — WEEKLY:trades<15 (5)|pf<1.10 (0.00)|exp<=0 (-0.816); BB_MR:trades<15 (6)|pf<1.10 (0.00)
2025-10-21 02:15:28,082 | INFO | [NZD/USD] cache TwelveData…
2025-10-21 02:15:30,145 | INFO | [NZD/USD] OOS FAILED — WEEKLY:trades<15 (4)|pf<1.10 (0.52)|exp<=0 (-0.365); BB_MR:trades<15 (6)
2025-10-21 02:15:30,446 | INFO | [NZD/CAD] cache TwelveData…
2025-10-21 02:15:32,211 | INFO | [NZD/CAD] OOS FAILED — WEEKLY:trades<15 (4); BB_MR:trades<15 (4)
2025-10-21 02:15:32,521 | INFO | [USD/SEK] cache TwelveData…
2025-10-21 02:15:34,298 | INFO | [USD/SEK] OOS FAILED — WEEKLY:trades<15 (4); BB_MR:trades<15 (9)
2025-10-21 02:15:34,607 | INFO | [EUR/NZD] cache TwelveData…
2025-10-21 02:15:36,332 | INFO | [EUR/NZD] OOS FAILED — WEEKLY:trades<15 (7); BB_MR:trades<15 (6)|pf<1.10 (0.00)|exp<=0 (-1.000)
2025-10-21 02:15:36,638 | INFO | [AUD/CHF] cache TwelveData…
2025-10-21 02:15:38,440 | INFO | [AUD/CHF] OOS FAILED — WEEKLY:trades<15 (4); BB_MR:trades<15 (3)|pf<1.10 (0.52)|exp<=0 (-0.323)
2025-10-21 02:15:38,741 | INFO | [GBP/NZD] cache TwelveData…
2025-10-21 02:15:40,472 | INFO | [GBP/NZD] OOS FAILED — WEEKLY:trades<15 (3)|pf<1.10 (0.00); BB_MR:trades<15 (7)|pf<1.10 (1.08)
2025-10-21 02:15:40,773 | INFO | [USD/NOK] cache TwelveData…
2025-10-21 02:15:42,528 | INFO | [USD/NOK] OOS FAILED — WEEKLY:trades<15 (4); BB_MR:trades<15 (9)
2025-10-21 02:15:42,839 | INFO | [GOLD] cache TwelveData…
2025-10-21 02:15:44,576 | INFO | [GOLD] OOS FAILED — WEEKLY:trades<15 (6); BB_MR:trades<15 (14)|pf<1.10 (0.31)|exp<=0 (-0.545)
2025-10-21 02:15:44,879 | INFO | [SILVER] cache TwelveData…
2025-10-21 02:15:46,515 | INFO | [SILVER] OOS FAILED — WEEKLY:trades<15 (3)|pf<1.10 (0.00); BB_MR:trades<15 (7)|pf<1.10 (0.42)|exp<=0 (-0.501)
2025-10-21 02:15:46,845 | INFO | [WRITE] params/current.json aggiornato.
2025-10-21 02:15:46,849 | INFO | [DUMP] retrain metrics -> C:\AUTOMAZIONE\params\retrain_metrics.json ; summary -> C:\AUTOMAZIONE\logs\last_retrain.txt
2025-10-21 02:15:47,749 | INFO | Retrain completato. Assets processati: 18, passed: 0, failed: 18
2025-10-21 19:15:25,835 | INFO | RETRAIN_UNIVERSE_SOURCE=ROSTER, INCLUDE_METALS=True, RETRAIN_ONLY=(none)
2025-10-21 19:15:25,835 | INFO | --- ODIN Retrain ---
2025-10-21 19:15:26,742 | INFO | [UNIVERSE] source=ROSTER, roster_path='C:\AUTOMAZIONE\params\strategy_roster.json', count=18, labels=['AUD/CAD', 'CHF/JPY', 'EUR/AUD', 'EUR/NZD', 'GBP/NZD', 'CAD/JPY', 'GBP/JPY', 'AUD/JPY', 'USD/JPY', 'EUR/JPY', 'NZD/JPY', 'CAD/CHF', 'NZD/USD', 'NZD/CAD', 'USD/SEK', 'AUD/CHF', 'GOLD', 'SILVER']
2025-10-21 19:15:26,742 | INFO | [AUD/CAD] cache TwelveData…
2025-10-21 19:15:28,570 | INFO | [AUD/CAD] OOS FAILED — WEEKLY:trades<15 (4)|pf<1.10 (0.00)|exp<=0 (-0.772); BB_MR:trades<15 (6)
2025-10-21 19:15:28,871 | INFO | [CHF/JPY] cache TwelveData…
2025-10-21 19:15:31,114 | INFO | [CHF/JPY] OOS FAILED — WEEKLY:trades<15 (4); BB_MR:trades<15 (5)|pf<1.10 (0.57)|exp<=0 (-0.256)
2025-10-21 19:15:31,415 | INFO | [EUR/AUD] cache TwelveData…
2025-10-21 19:15:33,148 | INFO | [EUR/AUD] OOS FAILED — WEEKLY:trades<15 (4); BB_MR:trades<15 (9)|pf<1.10 (0.73)|exp<=0 (-0.137)
2025-10-21 19:15:33,449 | INFO | [EUR/NZD] cache TwelveData…
2025-10-21 19:15:35,170 | INFO | [EUR/NZD] OOS FAILED — WEEKLY:trades<15 (7); BB_MR:trades<15 (6)|pf<1.10 (0.00)|exp<=0 (-1.000)
2025-10-21 19:15:35,471 | INFO | [GBP/NZD] cache TwelveData…
2025-10-21 19:15:37,215 | INFO | [GBP/NZD] OOS FAILED — WEEKLY:trades<15 (3)|pf<1.10 (0.00); BB_MR:trades<15 (7)|pf<1.10 (1.08)
2025-10-21 19:15:37,516 | INFO | [CAD/JPY] cache TwelveData…
2025-10-21 19:15:39,255 | INFO | [CAD/JPY] OOS FAILED — WEEKLY:trades<15 (3)|pf<1.10 (0.22)|exp<=0 (-0.417); BB_MR:trades<15 (5)
2025-10-21 19:15:39,556 | INFO | [GBP/JPY] cache TwelveData…
2025-10-21 19:15:43,133 | INFO | [GBP/JPY] OOS FAILED — WEEKLY:trades<15 (5); BB_MR:trades<15 (0)|pf<1.10 (0.00)|exp<=0 (0.000)
2025-10-21 19:15:43,437 | INFO | [AUD/JPY] cache TwelveData…
2025-10-21 19:15:45,730 | INFO | [AUD/JPY] OOS FAILED — WEEKLY:trades<15 (4); BB_MR:trades<15 (10)
2025-10-21 19:15:46,031 | INFO | [USD/JPY] cache TwelveData…
2025-10-21 19:15:48,491 | INFO | [USD/JPY] OOS FAILED — WEEKLY:trades<15 (5)|pf<1.10 (0.00)|exp<=0 (-0.859); BB_MR:trades<15 (4)|pf<1.10 (0.59)|exp<=0 (-0.164)
2025-10-21 19:15:48,793 | INFO | [EUR/JPY] cache TwelveData…
2025-10-21 19:15:50,726 | INFO | [EUR/JPY] OOS FAILED — WEEKLY:trades<15 (3); BB_MR:trades<15 (7)
2025-10-21 19:15:51,027 | INFO | [NZD/JPY] cache TwelveData…
2025-10-21 19:15:52,844 | INFO | [NZD/JPY] OOS FAILED — WEEKLY:trades<15 (5)|pf<1.10 (0.00)|exp<=0 (-0.816); BB_MR:trades<15 (6)|pf<1.10 (0.00)
2025-10-21 19:15:53,145 | INFO | [CAD/CHF] cache TwelveData…
2025-10-21 19:15:54,844 | INFO | [CAD/CHF] OOS FAILED — WEEKLY:trades<15 (3); BB_MR:trades<15 (3)|pf<1.10 (0.02)|exp<=0 (-0.654)
2025-10-21 19:15:55,145 | INFO | [NZD/USD] cache TwelveData…
2025-10-21 19:15:56,906 | INFO | [NZD/USD] OOS FAILED — WEEKLY:trades<15 (4)|pf<1.10 (0.52)|exp<=0 (-0.365); BB_MR:trades<15 (6)
2025-10-21 19:15:57,207 | INFO | [NZD/CAD] cache TwelveData…
2025-10-21 19:15:59,037 | INFO | [NZD/CAD] OOS FAILED — WEEKLY:trades<15 (4); BB_MR:trades<15 (4)
2025-10-21 19:15:59,338 | INFO | [USD/SEK] cache TwelveData…
2025-10-21 19:16:01,144 | INFO | [USD/SEK] OOS FAILED — WEEKLY:trades<15 (4); BB_MR:trades<15 (9)
2025-10-21 19:16:01,445 | INFO | [AUD/CHF] cache TwelveData…
2025-10-21 19:16:03,494 | INFO | [AUD/CHF] OOS FAILED — WEEKLY:trades<15 (4); BB_MR:trades<15 (3)|pf<1.10 (0.52)|exp<=0 (-0.323)
2025-10-21 19:16:03,795 | INFO | [GOLD] cache TwelveData…
2025-10-21 19:16:05,565 | INFO | [GOLD] OOS FAILED — WEEKLY:trades<15 (6); BB_MR:trades<15 (14)|pf<1.10 (0.31)|exp<=0 (-0.545)
2025-10-21 19:16:05,867 | INFO | [SILVER] cache TwelveData…
2025-10-21 19:16:07,644 | INFO | [SILVER] OOS FAILED — WEEKLY:trades<15 (3)|pf<1.10 (0.00); BB_MR:trades<15 (7)|pf<1.10 (0.42)|exp<=0 (-0.501)
2025-10-21 19:16:07,954 | INFO | [WRITE] params/current.json aggiornato.
2025-10-21 19:16:07,959 | INFO | [DUMP] retrain metrics -> C:\AUTOMAZIONE\params\retrain_metrics.json ; summary -> C:\AUTOMAZIONE\logs\last_retrain.txt
2025-10-21 19:16:09,039 | INFO | Retrain completato. Assets processati: 18, passed: 0, failed: 18
