2025-10-23 02:10:06,233 | INFO | RETRAIN_UNIVERSE_SOURCE=ROSTER, INCLUDE_METALS=True, RETRAIN_ONLY=(none)
2025-10-23 02:10:06,233 | INFO | --- ODIN Retrain ---
2025-10-23 02:10:07,165 | INFO | [UNIVERSE] source=ROSTER, roster_path='C:\AUTOMAZIONE\params\strategy_roster.json', count=18, labels=['CHF/JPY', 'EUR/AUD', 'EUR/NZD', 'GBP/NZD', 'CAD/JPY', 'GBP/JPY', 'AUD/JPY', 'USD/JPY', 'GBP/AUD', 'EUR/JPY', 'AUD/CAD', 'NZD/JPY', 'CAD/CHF', 'NZD/USD', 'NZD/CAD', 'USD/SEK', 'GOLD', 'SILVER']
2025-10-23 02:10:07,165 | INFO | [CHF/JPY] cache TwelveData…
2025-10-23 02:10:09,186 | INFO | [CHF/JPY] OOS FAILED — WEEKLY:trades<5 (4); BB_MR:pf<1.05 (0.57)|exp<=0 (-0.256)
2025-10-23 02:10:09,487 | INFO | [EUR/AUD] cache TwelveData…
2025-10-23 02:10:11,400 | INFO | [EUR/AUD] OOS FAILED — WEEKLY:trades<5 (4); BB_MR:pf<1.05 (0.73)|exp<=0 (-0.137)
2025-10-23 02:10:11,702 | INFO | [EUR/NZD] cache TwelveData…
2025-10-23 02:10:13,831 | INFO | [EUR/NZD] OOS PASSED
2025-10-23 02:10:14,132 | INFO | [GBP/NZD] cache TwelveData…
2025-10-23 02:10:16,238 | INFO | [GBP/NZD] OOS PASSED
2025-10-23 02:10:16,544 | INFO | [CAD/JPY] cache TwelveData…
2025-10-23 02:10:18,499 | INFO | [CAD/JPY] OOS PASSED
2025-10-23 02:10:18,804 | INFO | [GBP/JPY] cache TwelveData…
2025-10-23 02:10:20,962 | INFO | [GBP/JPY] OOS PASSED
2025-10-23 02:10:21,276 | INFO | [AUD/JPY] cache TwelveData…
2025-10-23 02:10:23,465 | INFO | [AUD/JPY] OOS PASSED
2025-10-23 02:10:23,776 | INFO | [USD/JPY] cache TwelveData…
2025-10-23 02:10:25,765 | INFO | [USD/JPY] OOS FAILED — WEEKLY:pf<1.05 (0.00)|exp<=0 (-0.859); BB_MR:trades<5 (4)|pf<1.05 (0.59)|exp<=0 (-0.164)
2025-10-23 02:10:26,076 | INFO | [GBP/AUD] cache TwelveData…
2025-10-23 02:10:27,891 | INFO | [GBP/AUD] OOS PASSED
2025-10-23 02:10:28,198 | INFO | [EUR/JPY] cache TwelveData…
2025-10-23 02:10:29,921 | INFO | [EUR/JPY] OOS PASSED
2025-10-23 02:10:30,226 | INFO | [AUD/CAD] cache TwelveData…
2025-10-23 02:10:32,250 | INFO | [AUD/CAD] OOS PASSED
2025-10-23 02:10:32,560 | INFO | [NZD/JPY] cache TwelveData…
2025-10-23 02:10:34,280 | INFO | [NZD/JPY] OOS FAILED — WEEKLY:pf<1.05 (0.03)|exp<=0 (-0.811); BB_MR:pf<1.05 (0.00)
2025-10-23 02:10:34,586 | INFO | [CAD/CHF] cache TwelveData…
2025-10-23 02:10:36,499 | INFO | [CAD/CHF] OOS FAILED — WEEKLY:trades<5 (3); BB_MR:trades<5 (3)|pf<1.05 (0.02)|exp<=0 (-0.654)
2025-10-23 02:10:36,816 | INFO | [NZD/USD] cache TwelveData…
2025-10-23 02:10:38,645 | INFO | [NZD/USD] OOS PASSED
2025-10-23 02:10:38,952 | INFO | [NZD/CAD] cache TwelveData…
2025-10-23 02:10:40,606 | INFO | [NZD/CAD] OOS FAILED — WEEKLY:trades<5 (4)|pf<1.05 (0.87)|exp<=0 (-0.062); BB_MR:trades<5 (4)
2025-10-23 02:10:40,911 | INFO | [USD/SEK] cache TwelveData…
2025-10-23 02:10:42,574 | INFO | [USD/SEK] OOS PASSED
2025-10-23 02:10:42,876 | INFO | [GOLD] cache TwelveData…
2025-10-23 02:10:44,719 | INFO | [GOLD] OOS FAILED — WEEKLY:trades<5 (4); BB_MR:pf<1.05 (0.31)|exp<=0 (-0.545)
2025-10-23 02:10:45,025 | INFO | [SILVER] cache TwelveData…
2025-10-23 02:10:46,671 | INFO | [SILVER] OOS FAILED — WEEKLY:trades<5 (4)|pf<1.05 (0.00); BB_MR:pf<1.05 (0.42)|exp<=0 (-0.501)
2025-10-23 02:10:47,000 | INFO | [WRITE] params/current.json aggiornato.
2025-10-23 02:10:47,007 | INFO | [DUMP] retrain metrics -> C:\AUTOMAZIONE\params\retrain_metrics.json ; summary -> C:\AUTOMAZIONE\logs\last_retrain.txt
2025-10-23 02:10:47,891 | INFO | Retrain completato. Assets processati: 18, passed: 10, failed: 8
