--- Avvio Strategy Sentinel ---

Analizzando strategia: EMA_Trend_D1 (D1)...
INFO:cache_ohlc:[CACHE] HIT: AUD/CAD 1day
  - [SCORE] EMA_Trend_D1 @ AUD/CAD: scartato, pochi trade (2 < 3)
INFO:cache_ohlc:[CACHE] HIT: CHF/JPY 1day
  - [SCORE] EMA_Trend_D1 @ CHF/JPY: scartato, pochi trade (1 < 3)
INFO:cache_ohlc:[CACHE] HIT: EUR/AUD 1day
  - [SCORE] EMA_Trend_D1 @ EUR/AUD: scartato, pochi trade (0 < 3)
INFO:cache_ohlc:[CACHE] HIT: EUR/NZD 1day
  - [SCORE] EMA_Trend_D1 @ EUR/NZD: scartato, pochi trade (0 < 3)
INFO:cache_ohlc:[CACHE] HIT: GBP/NZD 1day
  - [SCORE] EMA_Trend_D1 @ GBP/NZD: scartato, pochi trade (1 < 3)
INFO:cache_ohlc:[CACHE] HIT: CAD/JPY 1day
  - [SCORE] EMA_Trend_D1 @ CAD/JPY: scartato, pochi trade (2 < 3)
INFO:cache_ohlc:[CACHE] HIT: GBP/JPY 1day
  - [SCORE] EMA_Trend_D1 @ GBP/JPY: scartato, pochi trade (0 < 3)
INFO:cache_ohlc:[CACHE] HIT: AUD/JPY 1day
  - [SCORE] EMA_Trend_D1 @ AUD/JPY: scartato, pochi trade (1 < 3)
INFO:cache_ohlc:[CACHE] HIT: USD/JPY 1day
  - [SCORE] EMA_Trend_D1 @ USD/JPY: scartato, pochi trade (1 < 3)
INFO:cache_ohlc:[CACHE] HIT: EUR/JPY 1day
  - [SCORE] EMA_Trend_D1 @ EUR/JPY: scartato, pochi trade (0 < 3)
INFO:cache_ohlc:[CACHE] HIT: NZD/JPY 1day
  - [SCORE] EMA_Trend_D1 @ NZD/JPY: score=0.213 (PF=0.78, Sh=-1.35, DD=0.16, T=4)
INFO:cache_ohlc:[CACHE] HIT: CAD/CHF 1day
  - [SCORE] EMA_Trend_D1 @ CAD/CHF: scartato, pochi trade (1 < 3)
INFO:cache_ohlc:[CACHE] HIT: NZD/USD 1day
  - [SCORE] EMA_Trend_D1 @ NZD/USD: scartato, pochi trade (2 < 3)
INFO:cache_ohlc:[CACHE] HIT: NZD/CAD 1day
  - [SCORE] EMA_Trend_D1 @ NZD/CAD: score=0.265 (PF=0.82, Sh=-1.13, DD=0.09, T=3)
INFO:cache_ohlc:[CACHE] HIT: USD/SEK 1day
  - [SCORE] EMA_Trend_D1 @ USD/SEK: scartato, pochi trade (1 < 3)
INFO:cache_ohlc:[CACHE] HIT: AUD/CHF 1day
  - [SCORE] EMA_Trend_D1 @ AUD/CHF: scartato, pochi trade (1 < 3)
-> Punteggio medio globale per EMA_Trend_D1: 0.239

Analizzando strategia: EMA_Pullback_H4 (H4)...
INFO:cache_ohlc:[CACHE] HIT: AUD/CAD 4h
  - [SCORE] EMA_Pullback_H4 @ AUD/CAD: score=0.438 (PF=1.02, Sh=0.12, DD=0.02, T=22)
INFO:cache_ohlc:[CACHE] HIT: CHF/JPY 4h
  - [SCORE] EMA_Pullback_H4 @ CHF/JPY: score=0.527 (PF=1.16, Sh=0.90, DD=0.02, T=19)
INFO:cache_ohlc:[CACHE] HIT: EUR/AUD 4h
  - [SCORE] EMA_Pullback_H4 @ EUR/AUD: score=0.609 (PF=1.25, Sh=1.59, DD=0.01, T=17)
INFO:cache_ohlc:[CACHE] HIT: EUR/NZD 4h
  - [SCORE] EMA_Pullback_H4 @ EUR/NZD: score=0.393 (PF=0.96, Sh=-0.30, DD=0.02, T=21)
INFO:cache_ohlc:[CACHE] HIT: GBP/NZD 4h
  - [SCORE] EMA_Pullback_H4 @ GBP/NZD: score=0.499 (PF=1.10, Sh=0.63, DD=0.01, T=19)
INFO:cache_ohlc:[CACHE] HIT: CAD/JPY 4h
  - [SCORE] EMA_Pullback_H4 @ CAD/JPY: score=0.295 (PF=0.74, Sh=-2.39, DD=0.02, T=16)
INFO:cache_ohlc:[CACHE] HIT: GBP/JPY 4h
  - [SCORE] EMA_Pullback_H4 @ GBP/JPY: score=0.441 (PF=1.02, Sh=0.17, DD=0.02, T=23)
INFO:cache_ohlc:[CACHE] HIT: AUD/JPY 4h
  - [SCORE] EMA_Pullback_H4 @ AUD/JPY: score=0.293 (PF=0.80, Sh=-1.36, DD=0.04, T=21)
INFO:cache_ohlc:[CACHE] HIT: USD/JPY 4h
  - [SCORE] EMA_Pullback_H4 @ USD/JPY: score=0.276 (PF=0.67, Sh=-3.46, DD=0.04, T=23)
INFO:cache_ohlc:[CACHE] HIT: EUR/JPY 4h
  - [SCORE] EMA_Pullback_H4 @ EUR/JPY: score=0.433 (PF=1.01, Sh=0.09, DD=0.02, T=18)
INFO:cache_ohlc:[CACHE] HIT: NZD/JPY 4h
  - [SCORE] EMA_Pullback_H4 @ NZD/JPY: score=0.276 (PF=0.69, Sh=-2.21, DD=0.04, T=13)
INFO:cache_ohlc:[CACHE] HIT: CAD/CHF 4h
  - [SCORE] EMA_Pullback_H4 @ CAD/CHF: score=0.450 (PF=1.03, Sh=0.21, DD=0.01, T=19)
INFO:cache_ohlc:[CACHE] HIT: NZD/USD 4h
  - [SCORE] EMA_Pullback_H4 @ NZD/USD: score=0.388 (PF=0.96, Sh=-0.30, DD=0.03, T=16)
INFO:cache_ohlc:[CACHE] HIT: NZD/CAD 4h
  - [SCORE] EMA_Pullback_H4 @ NZD/CAD: score=0.254 (PF=0.53, Sh=-4.50, DD=0.04, T=19)
INFO:cache_ohlc:[CACHE] HIT: USD/SEK 4h
  - [SCORE] EMA_Pullback_H4 @ USD/SEK: score=0.626 (PF=1.25, Sh=1.82, DD=0.01, T=19)
INFO:cache_ohlc:[CACHE] HIT: AUD/CHF 4h
  - [SCORE] EMA_Pullback_H4 @ AUD/CHF: score=0.686 (PF=1.36, Sh=2.29, DD=0.01, T=23)
-> Punteggio medio globale per EMA_Pullback_H4: 0.4304

Analizzando strategia: BB_MR_D1 (D1)...
INFO:cache_ohlc:[CACHE] HIT: AUD/CAD 1day
  - [SCORE] BB_MR_D1 @ AUD/CAD: scartato, pochi trade (2 < 3)
INFO:cache_ohlc:[CACHE] HIT: CHF/JPY 1day
  - [SCORE] BB_MR_D1 @ CHF/JPY: score=0.830 (PF=3.18, Sh=1.08, DD=0.00, T=8)
INFO:cache_ohlc:[CACHE] HIT: EUR/AUD 1day
  - [SCORE] BB_MR_D1 @ EUR/AUD: score=0.548 (PF=1.55, Sh=0.35, DD=0.00, T=4)
INFO:cache_ohlc:[CACHE] HIT: EUR/NZD 1day
  - [SCORE] BB_MR_D1 @ EUR/NZD: score=0.266 (PF=0.42, Sh=-0.87, DD=0.01, T=7)
INFO:cache_ohlc:[CACHE] HIT: GBP/NZD 1day
  - [SCORE] BB_MR_D1 @ GBP/NZD: score=0.455 (PF=1.09, Sh=0.08, DD=0.00, T=5)
INFO:cache_ohlc:[CACHE] HIT: CAD/JPY 1day
  - [SCORE] BB_MR_D1 @ CAD/JPY: score=0.843 (PF=15.18, Sh=1.21, DD=0.00, T=3)
INFO:cache_ohlc:[CACHE] HIT: GBP/JPY 1day
  - [SCORE] BB_MR_D1 @ GBP/JPY: score=0.844 (PF=10.17, Sh=1.23, DD=0.00, T=3)
INFO:cache_ohlc:[CACHE] HIT: AUD/JPY 1day
  - [SCORE] BB_MR_D1 @ AUD/JPY: score=0.406 (PF=0.87, Sh=-0.11, DD=0.00, T=4)
INFO:cache_ohlc:[CACHE] HIT: USD/JPY 1day
  - [SCORE] BB_MR_D1 @ USD/JPY: score=0.347 (PF=0.64, Sh=-0.33, DD=0.01, T=3)
INFO:cache_ohlc:[CACHE] HIT: EUR/JPY 1day
  - [SCORE] BB_MR_D1 @ EUR/JPY: score=0.854 (PF=8.94, Sh=1.35, DD=0.00, T=4)
INFO:cache_ohlc:[CACHE] HIT: NZD/JPY 1day
  - [SCORE] BB_MR_D1 @ NZD/JPY: scartato, pochi trade (2 < 3)
INFO:cache_ohlc:[CACHE] HIT: CAD/CHF 1day
  - [SCORE] BB_MR_D1 @ CAD/CHF: score=0.850 (PF=12.79, Sh=1.29, DD=0.00, T=3)
INFO:cache_ohlc:[CACHE] HIT: NZD/USD 1day
  - [SCORE] BB_MR_D1 @ NZD/USD: score=0.266 (PF=0.36, Sh=-0.81, DD=0.01, T=3)
INFO:cache_ohlc:[CACHE] HIT: NZD/CAD 1day
  - [SCORE] BB_MR_D1 @ NZD/CAD: scartato, pochi trade (2 < 3)
INFO:cache_ohlc:[CACHE] HIT: USD/SEK 1day
  - [SCORE] BB_MR_D1 @ USD/SEK: score=0.387 (PF=0.85, Sh=-0.15, DD=0.02, T=5)
INFO:cache_ohlc:[CACHE] HIT: AUD/CHF 1day
  - [SCORE] BB_MR_D1 @ AUD/CHF: score=0.827 (PF=4.57, Sh=1.05, DD=0.00, T=3)
-> Punteggio medio globale per BB_MR_D1: 0.5941

Analizzando strategia: Donchian_BO_D1 (D1)...
INFO:cache_ohlc:[CACHE] HIT: AUD/CAD 1day
  - [SCORE] Donchian_BO_D1 @ AUD/CAD: score=0.768 (PF=2.74, Sh=0.87, DD=0.01, T=12)
INFO:cache_ohlc:[CACHE] HIT: CHF/JPY 1day
  - [SCORE] Donchian_BO_D1 @ CHF/JPY: score=0.388 (PF=0.89, Sh=-0.24, DD=0.02, T=23)
INFO:cache_ohlc:[CACHE] HIT: EUR/AUD 1day
  - [SCORE] Donchian_BO_D1 @ EUR/AUD: score=0.389 (PF=0.93, Sh=-0.09, DD=0.05, T=21)
INFO:cache_ohlc:[CACHE] HIT: EUR/NZD 1day
  - [SCORE] Donchian_BO_D1 @ EUR/NZD: score=0.486 (PF=1.18, Sh=0.33, DD=0.01, T=17)
INFO:cache_ohlc:[CACHE] HIT: GBP/NZD 1day
  - [SCORE] Donchian_BO_D1 @ GBP/NZD: score=0.224 (PF=0.34, Sh=-1.73, DD=0.04, T=15)
INFO:cache_ohlc:[CACHE] HIT: CAD/JPY 1day
  - [SCORE] Donchian_BO_D1 @ CAD/JPY: score=0.230 (PF=0.41, Sh=-1.24, DD=0.05, T=13)
INFO:cache_ohlc:[CACHE] HIT: GBP/JPY 1day
  - [SCORE] Donchian_BO_D1 @ GBP/JPY: score=0.239 (PF=0.44, Sh=-1.53, DD=0.04, T=15)
INFO:cache_ohlc:[CACHE] HIT: AUD/JPY 1day
  - [SCORE] Donchian_BO_D1 @ AUD/JPY: score=0.488 (PF=1.22, Sh=0.39, DD=0.02, T=14)
INFO:cache_ohlc:[CACHE] HIT: USD/JPY 1day
  - [SCORE] Donchian_BO_D1 @ USD/JPY: score=0.238 (PF=0.49, Sh=-1.29, DD=0.05, T=16)
INFO:cache_ohlc:[CACHE] HIT: EUR/JPY 1day
  - [SCORE] Donchian_BO_D1 @ EUR/JPY: score=0.267 (PF=0.58, Sh=-1.11, DD=0.03, T=19)
INFO:cache_ohlc:[CACHE] HIT: NZD/JPY 1day
  - [SCORE] Donchian_BO_D1 @ NZD/JPY: score=0.267 (PF=0.56, Sh=-1.00, DD=0.03, T=15)
INFO:cache_ohlc:[CACHE] HIT: CAD/CHF 1day
  - [SCORE] Donchian_BO_D1 @ CAD/CHF: score=0.280 (PF=0.55, Sh=-0.81, DD=0.03, T=12)
INFO:cache_ohlc:[CACHE] HIT: NZD/USD 1day
  - [SCORE] Donchian_BO_D1 @ NZD/USD: score=0.230 (PF=0.39, Sh=-1.60, DD=0.04, T=19)
INFO:cache_ohlc:[CACHE] HIT: NZD/CAD 1day
  - [SCORE] Donchian_BO_D1 @ NZD/CAD: score=0.215 (PF=0.20, Sh=-1.70, DD=0.02, T=12)
INFO:cache_ohlc:[CACHE] HIT: USD/SEK 1day
  - [SCORE] Donchian_BO_D1 @ USD/SEK: score=0.408 (PF=1.00, Sh=0.00, DD=0.04, T=16)
INFO:cache_ohlc:[CACHE] HIT: AUD/CHF 1day
  - [SCORE] Donchian_BO_D1 @ AUD/CHF: score=0.286 (PF=0.60, Sh=-0.56, DD=0.06, T=14)
-> Punteggio medio globale per Donchian_BO_D1: 0.3378

Analizzando strategia: Keltner_Trend_D1 (D1)...
INFO:cache_ohlc:[CACHE] HIT: AUD/CAD 1day
  - [SCORE] Keltner_Trend_D1 @ AUD/CAD: score=0.676 (PF=2.24, Sh=0.76, DD=0.02, T=3)
INFO:cache_ohlc:[CACHE] HIT: CHF/JPY 1day
  - [SCORE] Keltner_Trend_D1 @ CHF/JPY: score=0.469 (PF=1.13, Sh=0.29, DD=0.02, T=10)
INFO:cache_ohlc:[CACHE] HIT: EUR/AUD 1day
  - [SCORE] Keltner_Trend_D1 @ EUR/AUD: score=0.566 (PF=1.63, Sh=0.63, DD=0.03, T=6)
INFO:cache_ohlc:[CACHE] HIT: EUR/NZD 1day
  - [SCORE] Keltner_Trend_D1 @ EUR/NZD: score=0.447 (PF=1.09, Sh=0.15, DD=0.03, T=6)
INFO:cache_ohlc:[CACHE] HIT: GBP/NZD 1day
  - [SCORE] Keltner_Trend_D1 @ GBP/NZD: score=0.277 (PF=0.60, Sh=-0.93, DD=0.03, T=11)
INFO:cache_ohlc:[CACHE] HIT: CAD/JPY 1day
  - [SCORE] Keltner_Trend_D1 @ CAD/JPY: score=0.221 (PF=0.27, Sh=-1.79, DD=0.03, T=8)
INFO:cache_ohlc:[CACHE] HIT: GBP/JPY 1day
  - [SCORE] Keltner_Trend_D1 @ GBP/JPY: score=0.325 (PF=0.69, Sh=-0.59, DD=0.02, T=6)
INFO:cache_ohlc:[CACHE] HIT: AUD/JPY 1day
  - [SCORE] Keltner_Trend_D1 @ AUD/JPY: score=0.238 (PF=0.49, Sh=-0.89, DD=0.07, T=7)
INFO:cache_ohlc:[CACHE] HIT: USD/JPY 1day
  - [SCORE] Keltner_Trend_D1 @ USD/JPY: score=0.359 (PF=0.88, Sh=-0.28, DD=0.05, T=13)
INFO:cache_ohlc:[CACHE] HIT: EUR/JPY 1day
  - [SCORE] Keltner_Trend_D1 @ EUR/JPY: score=0.259 (PF=0.53, Sh=-1.32, DD=0.03, T=12)
INFO:cache_ohlc:[CACHE] HIT: NZD/JPY 1day
  - [SCORE] Keltner_Trend_D1 @ NZD/JPY: score=0.268 (PF=0.53, Sh=-0.76, DD=0.05, T=7)
INFO:cache_ohlc:[CACHE] HIT: CAD/CHF 1day
  - [SCORE] Keltner_Trend_D1 @ CAD/CHF: score=0.215 (PF=0.32, Sh=-1.43, DD=0.05, T=10)
INFO:cache_ohlc:[CACHE] HIT: NZD/USD 1day
  - [SCORE] Keltner_Trend_D1 @ NZD/USD: score=0.250 (PF=0.49, Sh=-1.19, DD=0.04, T=11)
INFO:cache_ohlc:[CACHE] HIT: NZD/CAD 1day
  - [SCORE] Keltner_Trend_D1 @ NZD/CAD: score=0.326 (PF=0.61, Sh=-0.51, DD=0.01, T=6)
INFO:cache_ohlc:[CACHE] HIT: USD/SEK 1day
  - [SCORE] Keltner_Trend_D1 @ USD/SEK: score=0.382 (PF=0.91, Sh=-0.16, DD=0.04, T=10)
INFO:cache_ohlc:[CACHE] HIT: AUD/CHF 1day
  - [SCORE] Keltner_Trend_D1 @ AUD/CHF: score=0.447 (PF=1.17, Sh=0.17, DD=0.05, T=4)
-> Punteggio medio globale per Keltner_Trend_D1: 0.3578

Analizzando strategia: Keltner_MR_H4 (H4)...
INFO:cache_ohlc:[CACHE] HIT: AUD/CAD 4h
  - [SCORE] Keltner_MR_H4 @ AUD/CAD: score=0.332 (PF=0.87, Sh=-0.86, DD=0.02, T=10)
INFO:cache_ohlc:[CACHE] HIT: CHF/JPY 4h
  - [SCORE] Keltner_MR_H4 @ CHF/JPY: score=0.309 (PF=0.82, Sh=-1.35, DD=0.02, T=13)
INFO:cache_ohlc:[CACHE] HIT: EUR/AUD 4h
  - [SCORE] Keltner_MR_H4 @ EUR/AUD: score=0.836 (PF=1.94, Sh=4.15, DD=0.01, T=20)
INFO:cache_ohlc:[CACHE] HIT: EUR/NZD 4h
  - [SCORE] Keltner_MR_H4 @ EUR/NZD: score=0.789 (PF=1.62, Sh=3.21, DD=0.01, T=24)
INFO:cache_ohlc:[CACHE] HIT: GBP/NZD 4h
  - [SCORE] Keltner_MR_H4 @ GBP/NZD: score=0.983 (PF=2.91, Sh=4.83, DD=0.01, T=18)
INFO:cache_ohlc:[CACHE] HIT: CAD/JPY 4h
  - [SCORE] Keltner_MR_H4 @ CAD/JPY: score=0.437 (PF=1.02, Sh=0.16, DD=0.03, T=17)
INFO:cache_ohlc:[CACHE] HIT: GBP/JPY 4h
  - [SCORE] Keltner_MR_H4 @ GBP/JPY: score=0.572 (PF=1.24, Sh=1.27, DD=0.02, T=11)
INFO:cache_ohlc:[CACHE] HIT: AUD/JPY 4h
  - [SCORE] Keltner_MR_H4 @ AUD/JPY: score=0.361 (PF=0.92, Sh=-0.55, DD=0.03, T=16)
INFO:cache_ohlc:[CACHE] HIT: USD/JPY 4h
  - [SCORE] Keltner_MR_H4 @ USD/JPY: score=0.407 (PF=0.99, Sh=-0.10, DD=0.03, T=17)
INFO:cache_ohlc:[CACHE] HIT: EUR/JPY 4h
  - [SCORE] Keltner_MR_H4 @ EUR/JPY: score=0.599 (PF=1.26, Sh=1.52, DD=0.02, T=16)
INFO:cache_ohlc:[CACHE] HIT: NZD/JPY 4h
  - [SCORE] Keltner_MR_H4 @ NZD/JPY: score=0.574 (PF=1.20, Sh=1.35, DD=0.02, T=20)
INFO:cache_ohlc:[CACHE] HIT: CAD/CHF 4h
  - [SCORE] Keltner_MR_H4 @ CAD/CHF: score=0.408 (PF=0.96, Sh=-0.19, DD=0.01, T=6)
INFO:cache_ohlc:[CACHE] HIT: NZD/USD 4h
  - [SCORE] Keltner_MR_H4 @ NZD/USD: score=0.793 (PF=1.69, Sh=4.11, DD=0.01, T=25)
INFO:cache_ohlc:[CACHE] HIT: NZD/CAD 4h
  - [SCORE] Keltner_MR_H4 @ NZD/CAD: score=0.315 (PF=0.85, Sh=-1.15, DD=0.02, T=12)
INFO:cache_ohlc:[CACHE] HIT: USD/SEK 4h
  - [SCORE] Keltner_MR_H4 @ USD/SEK: score=0.983 (PF=2.91, Sh=5.25, DD=0.01, T=14)
INFO:cache_ohlc:[CACHE] HIT: AUD/CHF 4h
  - [SCORE] Keltner_MR_H4 @ AUD/CHF: score=0.751 (PF=1.85, Sh=2.19, DD=0.01, T=8)
-> Punteggio medio globale per Keltner_MR_H4: 0.5905

Analizzando strategia: BB_Squeeze_BO_D1 (D1)...
INFO:cache_ohlc:[CACHE] HIT: AUD/CAD 1day
  - [SCORE] BB_Squeeze_BO_D1 @ AUD/CAD: scartato, pochi trade (2 < 3)
INFO:cache_ohlc:[CACHE] HIT: CHF/JPY 1day
  - [SCORE] BB_Squeeze_BO_D1 @ CHF/JPY: score=0.191 (PF=0.00, Sh=-1.14, DD=0.01, T=3)
INFO:cache_ohlc:[CACHE] HIT: EUR/AUD 1day
  - [SCORE] BB_Squeeze_BO_D1 @ EUR/AUD: scartato, pochi trade (2 < 3)
INFO:cache_ohlc:[CACHE] HIT: EUR/NZD 1day
  - [SCORE] BB_Squeeze_BO_D1 @ EUR/NZD: scartato, pochi trade (1 < 3)
INFO:cache_ohlc:[CACHE] HIT: GBP/NZD 1day
  - [SCORE] BB_Squeeze_BO_D1 @ GBP/NZD: scartato, pochi trade (2 < 3)
INFO:cache_ohlc:[CACHE] HIT: CAD/JPY 1day
  - [SCORE] BB_Squeeze_BO_D1 @ CAD/JPY: score=0.186 (PF=0.05, Sh=-1.67, DD=0.03, T=5)
INFO:cache_ohlc:[CACHE] HIT: GBP/JPY 1day
  - [SCORE] BB_Squeeze_BO_D1 @ GBP/JPY: score=0.384 (PF=0.80, Sh=-0.23, DD=0.00, T=4)
INFO:cache_ohlc:[CACHE] HIT: AUD/JPY 1day
  - [SCORE] BB_Squeeze_BO_D1 @ AUD/JPY: score=0.346 (PF=0.71, Sh=-0.47, DD=0.01, T=6)
INFO:cache_ohlc:[CACHE] HIT: USD/JPY 1day
  - [SCORE] BB_Squeeze_BO_D1 @ USD/JPY: scartato, pochi trade (1 < 3)
INFO:cache_ohlc:[CACHE] HIT: EUR/JPY 1day
  - [SCORE] BB_Squeeze_BO_D1 @ EUR/JPY: score=0.189 (PF=0.00, Sh=-1.50, DD=0.02, T=3)
INFO:cache_ohlc:[CACHE] HIT: NZD/JPY 1day
  - [SCORE] BB_Squeeze_BO_D1 @ NZD/JPY: scartato, pochi trade (2 < 3)
INFO:cache_ohlc:[CACHE] HIT: CAD/CHF 1day
  - [SCORE] BB_Squeeze_BO_D1 @ CAD/CHF: scartato, pochi trade (2 < 3)
INFO:cache_ohlc:[CACHE] HIT: NZD/USD 1day
  - [SCORE] BB_Squeeze_BO_D1 @ NZD/USD: score=0.314 (PF=0.47, Sh=-0.50, DD=0.00, T=3)
INFO:cache_ohlc:[CACHE] HIT: NZD/CAD 1day
  - [SCORE] BB_Squeeze_BO_D1 @ NZD/CAD: scartato, pochi trade (1 < 3)
INFO:cache_ohlc:[CACHE] HIT: USD/SEK 1day
  - [SCORE] BB_Squeeze_BO_D1 @ USD/SEK: score=0.193 (PF=0.00, Sh=-1.53, DD=0.01, T=3)
INFO:cache_ohlc:[CACHE] HIT: AUD/CHF 1day
  - [SCORE] BB_Squeeze_BO_D1 @ AUD/CHF: scartato, pochi trade (2 < 3)
-> Punteggio medio globale per BB_Squeeze_BO_D1: 0.2577

Analizzando strategia: VolTarget_Trend_D1 (D1)...
INFO:cache_ohlc:[CACHE] HIT: AUD/CAD 1day
  - [SCORE] VolTarget_Trend_D1 @ AUD/CAD: scartato, pochi trade (1 < 3)
INFO:cache_ohlc:[CACHE] HIT: CHF/JPY 1day
  - [SCORE] VolTarget_Trend_D1 @ CHF/JPY: scartato, pochi trade (1 < 3)
INFO:cache_ohlc:[CACHE] HIT: EUR/AUD 1day
  - [SCORE] VolTarget_Trend_D1 @ EUR/AUD: scartato, pochi trade (1 < 3)
INFO:cache_ohlc:[CACHE] HIT: EUR/NZD 1day
  - [SCORE] VolTarget_Trend_D1 @ EUR/NZD: scartato, pochi trade (1 < 3)
INFO:cache_ohlc:[CACHE] HIT: GBP/NZD 1day
  - [SCORE] VolTarget_Trend_D1 @ GBP/NZD: scartato, pochi trade (1 < 3)
INFO:cache_ohlc:[CACHE] HIT: CAD/JPY 1day
  - [SCORE] VolTarget_Trend_D1 @ CAD/JPY: scartato, pochi trade (1 < 3)
INFO:cache_ohlc:[CACHE] HIT: GBP/JPY 1day
  - [SCORE] VolTarget_Trend_D1 @ GBP/JPY: scartato, pochi trade (1 < 3)
INFO:cache_ohlc:[CACHE] HIT: AUD/JPY 1day
  - [SCORE] VolTarget_Trend_D1 @ AUD/JPY: scartato, pochi trade (1 < 3)
INFO:cache_ohlc:[CACHE] HIT: USD/JPY 1day
  - [SCORE] VolTarget_Trend_D1 @ USD/JPY: scartato, pochi trade (1 < 3)
INFO:cache_ohlc:[CACHE] HIT: EUR/JPY 1day
  - [SCORE] VolTarget_Trend_D1 @ EUR/JPY: scartato, pochi trade (1 < 3)
INFO:cache_ohlc:[CACHE] HIT: NZD/JPY 1day
  - [SCORE] VolTarget_Trend_D1 @ NZD/JPY: score=0.219 (PF=0.82, Sh=-1.05, DD=0.16, T=3)
INFO:cache_ohlc:[CACHE] HIT: CAD/CHF 1day
  - [SCORE] VolTarget_Trend_D1 @ CAD/CHF: scartato, pochi trade (1 < 3)
INFO:cache_ohlc:[CACHE] HIT: NZD/USD 1day
  - [SCORE] VolTarget_Trend_D1 @ NZD/USD: scartato, pochi trade (1 < 3)
INFO:cache_ohlc:[CACHE] HIT: NZD/CAD 1day
  - [SCORE] VolTarget_Trend_D1 @ NZD/CAD: scartato, pochi trade (2 < 3)
INFO:cache_ohlc:[CACHE] HIT: USD/SEK 1day
  - [SCORE] VolTarget_Trend_D1 @ USD/SEK: scartato, pochi trade (1 < 3)
INFO:cache_ohlc:[CACHE] HIT: AUD/CHF 1day
  - [SCORE] VolTarget_Trend_D1 @ AUD/CHF: scartato, pochi trade (1 < 3)
-> Punteggio medio globale per VolTarget_Trend_D1: 0.2188

Analizzando strategia: Regime_Switcher_D1 (D1)...
INFO:cache_ohlc:[CACHE] HIT: AUD/CAD 1day
  - [SCORE] Regime_Switcher_D1 @ AUD/CAD: scartato, pochi trade (0 < 3)
INFO:cache_ohlc:[CACHE] HIT: CHF/JPY 1day
  - [SCORE] Regime_Switcher_D1 @ CHF/JPY: scartato, pochi trade (1 < 3)
INFO:cache_ohlc:[CACHE] HIT: EUR/AUD 1day
  - [SCORE] Regime_Switcher_D1 @ EUR/AUD: score=0.246 (PF=0.56, Sh=-0.80, DD=0.08, T=13)
INFO:cache_ohlc:[CACHE] HIT: EUR/NZD 1day
  - [SCORE] Regime_Switcher_D1 @ EUR/NZD: scartato, pochi trade (0 < 3)
INFO:cache_ohlc:[CACHE] HIT: GBP/NZD 1day
  - [SCORE] Regime_Switcher_D1 @ GBP/NZD: scartato, pochi trade (1 < 3)
INFO:cache_ohlc:[CACHE] HIT: CAD/JPY 1day
  - [SCORE] Regime_Switcher_D1 @ CAD/JPY: score=0.925 (PF=9.62, Sh=2.18, DD=0.01, T=14)
INFO:cache_ohlc:[CACHE] HIT: GBP/JPY 1day
  - [SCORE] Regime_Switcher_D1 @ GBP/JPY: scartato, pochi trade (0 < 3)
INFO:cache_ohlc:[CACHE] HIT: AUD/JPY 1day
  - [SCORE] Regime_Switcher_D1 @ AUD/JPY: score=0.403 (PF=1.03, Sh=0.04, DD=0.06, T=13)
INFO:cache_ohlc:[CACHE] HIT: USD/JPY 1day
  - [SCORE] Regime_Switcher_D1 @ USD/JPY: score=0.544 (PF=1.43, Sh=0.64, DD=0.02, T=13)
INFO:cache_ohlc:[CACHE] HIT: EUR/JPY 1day
  - [SCORE] Regime_Switcher_D1 @ EUR/JPY: scartato, pochi trade (0 < 3)
INFO:cache_ohlc:[CACHE] HIT: NZD/JPY 1day
  - [SCORE] Regime_Switcher_D1 @ NZD/JPY: score=0.556 (PF=1.50, Sh=0.62, DD=0.02, T=10)
INFO:cache_ohlc:[CACHE] HIT: CAD/CHF 1day
  - [SCORE] Regime_Switcher_D1 @ CAD/CHF: scartato, pochi trade (0 < 3)
INFO:cache_ohlc:[CACHE] HIT: NZD/USD 1day
  - [SCORE] Regime_Switcher_D1 @ NZD/USD: score=0.907 (PF=5.68, Sh=2.02, DD=0.01, T=14)
INFO:cache_ohlc:[CACHE] HIT: NZD/CAD 1day
  - [SCORE] Regime_Switcher_D1 @ NZD/CAD: score=0.420 (PF=0.96, Sh=-0.06, DD=0.01, T=8)
INFO:cache_ohlc:[CACHE] HIT: USD/SEK 1day
  - [SCORE] Regime_Switcher_D1 @ USD/SEK: scartato, pochi trade (0 < 3)
INFO:cache_ohlc:[CACHE] HIT: AUD/CHF 1day
  - [SCORE] Regime_Switcher_D1 @ AUD/CHF: scartato, pochi trade (0 < 3)
-> Punteggio medio globale per Regime_Switcher_D1: 0.5716

✅ Sentinel completato. Salvato roster in params\strategy_roster.json
